Log file open, 12/02/19 15:19:36
LogWindows: Failed to load 'aqProf.dll' (GetLastError=126)
LogWindows: File 'aqProf.dll' does not exist
LogWindows: Failed to load 'VtuneApi.dll' (GetLastError=126)
LogWindows: File 'VtuneApi.dll' does not exist
LogWindows: Failed to load 'VtuneApi32e.dll' (GetLastError=126)
LogWindows: File 'VtuneApi32e.dll' does not exist
LogConsoleResponse: Display: Failed to find resolution value strings in scalability ini. Falling back to default.
LogInit: Display: Running engine for game: MyProject3
LogPlatformFile: Not using cached read wrapper
LogTaskGraph: Started task graph with 5 named threads and 23 total threads with 3 sets of task threads.
LogStats: Stats thread started at 0.075769
LogD3D11RHI: Loaded GFSDK_Aftermath_Lib.x64.dll
LogICUInternationalization: ICU TimeZone Detection - Raw Offset: +1:00, Platform Override: ''
LogPluginManager: Mounting plugin Paper2D
LogPluginManager: Mounting plugin AISupport
LogPluginManager: Mounting plugin LightPropagationVolume
LogPluginManager: Mounting plugin ActorLayerUtilities
LogPluginManager: Mounting plugin AnimationSharing
LogPluginManager: Mounting plugin CLionSourceCodeAccess
LogPluginManager: Mounting plugin CodeLiteSourceCodeAccess
LogPluginManager: Mounting plugin GitSourceControl
LogPluginManager: Mounting plugin KDevelopSourceCodeAccess
LogPluginManager: Mounting plugin NullSourceCodeAccess
LogPluginManager: Mounting plugin PerforceSourceControl
LogPluginManager: Mounting plugin SubversionSourceControl
LogPluginManager: Mounting plugin UObjectPlugin
LogPluginManager: Mounting plugin VisualStudioCodeSourceCodeAccess
LogPluginManager: Mounting plugin VisualStudioSourceCodeAccess
LogPluginManager: Mounting plugin XCodeSourceCodeAccess
LogPluginManager: Mounting plugin AssetManagerEditor
LogPluginManager: Mounting plugin CryptoKeys
LogPluginManager: Mounting plugin CurveEditorTools
LogPluginManager: Mounting plugin DataValidation
LogPluginManager: Mounting plugin FacialAnimation
LogPluginManager: Mounting plugin GameplayTagsEditor
LogPluginManager: Mounting plugin MacGraphicsSwitching
LogPluginManager: Mounting plugin MaterialAnalyzer
LogPluginManager: Mounting plugin MobileLauncherProfileWizard
LogPluginManager: Mounting plugin PluginBrowser
LogPluginManager: Mounting plugin SpeedTreeImporter
LogPluginManager: Mounting plugin DatasmithContent
LogPluginManager: Mounting plugin VariantManagerContent
LogPluginManager: Mounting plugin AlembicImporter
LogPluginManager: Mounting plugin AutomationUtils
LogPluginManager: Mounting plugin BackChannel
LogPluginManager: Mounting plugin CharacterAI
LogPluginManager: Mounting plugin GeometryCache
LogPluginManager: Mounting plugin HTML5Networking
LogPluginManager: Mounting plugin PlatformCrypto
LogPluginManager: Mounting plugin ProxyLODPlugin
LogPluginManager: Mounting plugin RawInput
LogPluginManager: Mounting plugin SkeletalReduction
LogPluginManager: Mounting plugin MagicLeap
LogPluginManager: Mounting plugin MagicLeapMedia
LogPluginManager: Mounting plugin AndroidMedia
LogPluginManager: Mounting plugin AvfMedia
LogPluginManager: Mounting plugin ImgMedia
LogPluginManager: Mounting plugin MediaCompositing
LogPluginManager: Mounting plugin MediaPlayerEditor
LogPluginManager: Mounting plugin WebMMedia
LogPluginManager: Mounting plugin WmfMedia
LogPluginManager: Mounting plugin TcpMessaging
LogPluginManager: Mounting plugin UdpMessaging
LogPluginManager: Mounting plugin ActorSequence
LogPluginManager: Mounting plugin LevelSequenceEditor
LogPluginManager: Mounting plugin MatineeToLevelSequence
LogPluginManager: Mounting plugin NetcodeUnitTest
LogPluginManager: Mounting plugin NUTUnrealEngine4
LogPluginManager: Mounting plugin OnlineSubsystemGooglePlay
LogPluginManager: Mounting plugin OnlineSubsystemIOS
LogPluginManager: Mounting plugin OnlineSubsystem
LogPluginManager: Mounting plugin OnlineSubsystemNull
LogPluginManager: Mounting plugin OnlineSubsystemUtils
LogPluginManager: Mounting plugin LauncherChunkInstaller
LogPluginManager: Mounting plugin AndroidDeviceProfileSelector
LogPluginManager: Mounting plugin AndroidMoviePlayer
LogPluginManager: Mounting plugin AndroidPermission
LogPluginManager: Mounting plugin AppleImageUtils
LogPluginManager: Mounting plugin AppleMoviePlayer
LogPluginManager: Mounting plugin ArchVisCharacter
LogPluginManager: Mounting plugin AudioCapture
LogPluginManager: Mounting plugin CableComponent
LogPluginManager: Mounting plugin CustomMeshComponent
LogPluginManager: Mounting plugin EditableMesh
LogPluginManager: Mounting plugin ExampleDeviceProfileSelector
LogPluginManager: Mounting plugin GoogleCloudMessaging
LogPluginManager: Mounting plugin IOSDeviceProfileSelector
LogPluginManager: Mounting plugin LinuxDeviceProfileSelector
LogPluginManager: Mounting plugin LocationServicesBPLibrary
LogPluginManager: Mounting plugin MobilePatchingUtils
LogPluginManager: Mounting plugin OculusVR
LogPluginManager: Mounting plugin PhysXVehicles
LogPluginManager: Mounting plugin ProceduralMeshComponent
LogPluginManager: Mounting plugin RuntimePhysXCooking
LogPluginManager: Mounting plugin SignificanceManager
LogPluginManager: Mounting plugin SteamVR
LogPluginManager: Mounting plugin WebMMoviePlayer
LogPluginManager: Mounting plugin WindowsMoviePlayer
LogPluginManager: Mounting plugin ScreenshotTools
LogInit: Using libcurl 7.55.1-DEV
LogInit:  - built for x86_64-pc-win32
LogInit:  - supports SSL with OpenSSL/1.1.1
LogInit:  - supports HTTP deflate (compression) using libz 1.2.8
LogInit:  - other features:
LogInit:      CURL_VERSION_SSL
LogInit:      CURL_VERSION_LIBZ
LogInit:      CURL_VERSION_IPV6
LogInit:      CURL_VERSION_ASYNCHDNS
LogInit:      CURL_VERSION_LARGEFILE
LogInit:      CURL_VERSION_IDN
LogInit:  CurlRequestOptions (configurable via config and command line):
LogInit:  - bVerifyPeer = true  - Libcurl will verify peer certificate
LogInit:  - bUseHttpProxy = false  - Libcurl will NOT use HTTP proxy
LogInit:  - bDontReuseConnections = false  - Libcurl will reuse connections
LogInit:  - MaxHostConnections = 16  - Libcurl will limit the number of connections to a host
LogInit:  - LocalHostAddr = Default
LogInit:  - BufferSize = 65536
LogOnline: OSS: Creating online subsystem instance for: NULL
LogInit: WinSock: version 1.1 (2.2), MaxSocks=32767, MaxUdp=65467
LogInit: Build: ++UE4+Release-4.23-CL-9631420
LogInit: Engine Version: 4.23.1-9631420+++UE4+Release-4.23
LogInit: Compatible Engine Version: 4.23.0-8386587+++UE4+Release-4.23
LogInit: Net CL: 8386587
LogInit: OS: Windows 10 (Release 1903) (), CPU: Intel(R) Core(TM) i7-7700HQ CPU @ 2.80GHz, GPU: Intel(R) HD Graphics 630
LogInit: Compiled (64-bit): Oct 18 2019 02:07:44
LogInit: Compiled with Visual C++: 19.16.27030.01
LogInit: Build Configuration: Development
LogInit: Branch Name: ++UE4+Release-4.23
LogInit: Command Line:  -EpicPortal -epicusername=Ironwing -epicuserid=94961d8a256d44269fffadab4ab99596 -epiclocale=it-IT
LogInit: Base Directory: D:/UE_4.23/Engine/Binaries/Win64/
LogInit: Installed Engine Build: 1
LogDevObjectVersion: Number of dev versions registered: 23
LogDevObjectVersion:   Dev-Blueprints (B0D832E4-1F89-4F0D-ACCF-7EB736FD4AA2): 10
LogDevObjectVersion:   Dev-Build (E1C64328-A22C-4D53-A36C-8E866417BD8C): 0
LogDevObjectVersion:   Dev-Core (375EC13C-06E4-48FB-B500-84F0262A717E): 3
LogDevObjectVersion:   Dev-Editor (E4B068ED-F494-42E9-A231-DA0B2E46BB41): 34
LogDevObjectVersion:   Dev-Framework (CFFC743F-43B0-4480-9391-14DF171D2073): 35
LogDevObjectVersion:   Dev-Mobile (B02B49B5-BB20-44E9-A304-32B752E40360): 2
LogDevObjectVersion:   Dev-Networking (A4E4105C-59A1-49B5-A7C5-40C4547EDFEE): 0
LogDevObjectVersion:   Dev-Online (39C831C9-5AE6-47DC-9A44-9C173E1C8E7C): 0
LogDevObjectVersion:   Dev-Physics (78F01B33-EBEA-4F98-B9B4-84EACCB95AA2): 0
LogDevObjectVersion:   Dev-Platform (6631380F-2D4D-43E0-8009-CF276956A95A): 0
LogDevObjectVersion:   Dev-Rendering (12F88B9F-8875-4AFC-A67C-D90C383ABD29): 31
LogDevObjectVersion:   Dev-Sequencer (7B5AE74C-D270-4C10-A958-57980B212A5A): 11
LogDevObjectVersion:   Dev-VR (D7296918-1DD6-4BDD-9DE2-64A83CC13884): 2
LogDevObjectVersion:   Dev-LoadTimes (C2A15278-BFE7-4AFE-6C17-90FF531DF755): 1
LogDevObjectVersion:   Private-Geometry (6EACA3D4-40EC-4CC1-B786-8BED09428FC5): 3
LogDevObjectVersion:   Dev-AnimPhys (29E575DD-E0A3-4627-9D10-D276232CDCEA): 17
LogDevObjectVersion:   Dev-Anim (AF43A65D-7FD3-4947-9873-3E8ED9C1BB05): 2
LogDevObjectVersion:   Dev-ReflectionCapture (6B266CEC-1EC7-4B8F-A30B-E4D90942FC07): 1
LogDevObjectVersion:   Dev-Automation (0DF73D61-A23F-47EA-B727-89E90C41499A): 1
LogDevObjectVersion:   FortniteMain (601D1886-AC64-4F84-AA16-D3DE0DEAC7D6): 27
LogDevObjectVersion:   Dev-Enterprise (9DFFBCD6-494F-0158-E221-12823C92A888): 6
LogDevObjectVersion:   Dev-Niagara (F2AED0AC-9AFE-416F-8664-AA7FFA26D6FC): 1
LogDevObjectVersion:   Dev-Destruction (174F1F0B-B4C6-45A5-B13F-2EE8D0FB917D): 9
LogInit: Presizing for max 16777216 objects, including 0 objects not considered by GC, pre-allocating 0 bytes for permanent pool.
LogInit: Object subsystem initialized
LogConfig: Setting CVar [[con.DebugEarlyDefault:1]]
LogConfig: Setting CVar [[r.setres:1280x720]]
[2019.12.02-14.19.36:233][  0]LogConfig: Setting CVar [[r.VSync:0]]
[2019.12.02-14.19.36:233][  0]LogConfig: Setting CVar [[r.RHICmdBypass:0]]
[2019.12.02-14.19.36:233][  0]LogConfig: Applying CVar settings from Section [/Script/Engine.RendererSettings] File [C:/Users/Enrico/Documents/GitHub/Keep-Driving-and-Nobody-Explodes/KeepDriving/Saved/Config/Windows/Engine.ini]
[2019.12.02-14.19.36:233][  0]LogConfig: Setting CVar [[r.GPUCrashDebugging:0]]
[2019.12.02-14.19.36:233][  0]LogConfig: Applying CVar settings from Section [/Script/Engine.RendererOverrideSettings] File [C:/Users/Enrico/Documents/GitHub/Keep-Driving-and-Nobody-Explodes/KeepDriving/Saved/Config/Windows/Engine.ini]
[2019.12.02-14.19.36:233][  0]LogConfig: Applying CVar settings from Section [/Script/Engine.StreamingSettings] File [C:/Users/Enrico/Documents/GitHub/Keep-Driving-and-Nobody-Explodes/KeepDriving/Saved/Config/Windows/Engine.ini]
[2019.12.02-14.19.36:233][  0]LogConfig: Setting CVar [[s.MinBulkDataSizeForAsyncLoading:131072]]
[2019.12.02-14.19.36:233][  0]LogConfig: Setting CVar [[s.AsyncLoadingThreadEnabled:0]]
[2019.12.02-14.19.36:233][  0]LogConfig: Setting CVar [[s.EventDrivenLoaderEnabled:1]]
[2019.12.02-14.19.36:233][  0]LogConfig: Setting CVar [[s.WarnIfTimeLimitExceeded:0]]
[2019.12.02-14.19.36:233][  0]LogConfig: Setting CVar [[s.TimeLimitExceededMultiplier:1.5]]
[2019.12.02-14.19.36:233][  0]LogConfig: Setting CVar [[s.TimeLimitExceededMinTime:0.005]]
[2019.12.02-14.19.36:233][  0]LogConfig: Setting CVar [[s.UseBackgroundLevelStreaming:1]]
[2019.12.02-14.19.36:233][  0]LogConfig: Setting CVar [[s.PriorityAsyncLoadingExtraTime:15.0]]
[2019.12.02-14.19.36:233][  0]LogConfig: Setting CVar [[s.LevelStreamingActorsUpdateTimeLimit:5.0]]
[2019.12.02-14.19.36:233][  0]LogConfig: Setting CVar [[s.PriorityLevelStreamingActorsUpdateExtraTime:5.0]]
[2019.12.02-14.19.36:233][  0]LogConfig: Setting CVar [[s.LevelStreamingComponentsRegistrationGranularity:10]]
[2019.12.02-14.19.36:233][  0]LogConfig: Setting CVar [[s.UnregisterComponentsTimeLimit:1.0]]
[2019.12.02-14.19.36:233][  0]LogConfig: Setting CVar [[s.LevelStreamingComponentsUnregistrationGranularity:5]]
[2019.12.02-14.19.36:233][  0]LogConfig: Applying CVar settings from Section [/Script/Engine.GarbageCollectionSettings] File [C:/Users/Enrico/Documents/GitHub/Keep-Driving-and-Nobody-Explodes/KeepDriving/Saved/Config/Windows/Engine.ini]
[2019.12.02-14.19.36:233][  0]LogConfig: Setting CVar [[gc.MaxObjectsNotConsideredByGC:1]]
[2019.12.02-14.19.36:233][  0]LogConfig: Setting CVar [[gc.SizeOfPermanentObjectPool:0]]
[2019.12.02-14.19.36:233][  0]LogConfig: Setting CVar [[gc.FlushStreamingOnGC:0]]
[2019.12.02-14.19.36:234][  0]LogConfig: Setting CVar [[gc.NumRetriesBeforeForcingGC:10]]
[2019.12.02-14.19.36:234][  0]LogConfig: Setting CVar [[gc.AllowParallelGC:1]]
[2019.12.02-14.19.36:234][  0]LogConfig: Setting CVar [[gc.TimeBetweenPurgingPendingKillObjects:61.1]]
[2019.12.02-14.19.36:234][  0]LogConfig: Setting CVar [[gc.MaxObjectsInEditor:16777216]]
[2019.12.02-14.19.36:234][  0]LogConfig: Setting CVar [[gc.IncrementalBeginDestroyEnabled:1]]
[2019.12.02-14.19.36:234][  0]LogConfig: Setting CVar [[gc.CreateGCClusters:1]]
[2019.12.02-14.19.36:234][  0]LogConfig: Setting CVar [[gc.MinGCClusterSize:5]]
[2019.12.02-14.19.36:234][  0]LogConfig: Setting CVar [[gc.ActorClusteringEnabled:0]]
[2019.12.02-14.19.36:234][  0]LogConfig: Setting CVar [[gc.BlueprintClusteringEnabled:0]]
[2019.12.02-14.19.36:234][  0]LogConfig: Setting CVar [[gc.UseDisregardForGCOnDedicatedServers:0]]
[2019.12.02-14.19.36:234][  0]LogConfig: Applying CVar settings from Section [/Script/Engine.NetworkSettings] File [C:/Users/Enrico/Documents/GitHub/Keep-Driving-and-Nobody-Explodes/KeepDriving/Saved/Config/Windows/Engine.ini]
[2019.12.02-14.19.36:234][  0]LogConfig: Applying CVar settings from Section [/Script/UnrealEd.CookerSettings] File [C:/Users/Enrico/Documents/GitHub/Keep-Driving-and-Nobody-Explodes/KeepDriving/Saved/Config/Windows/Engine.ini]
[2019.12.02-14.19.36:236][  0]LogConfig: Applying CVar settings from Section [ViewDistanceQuality@3] File [C:/Users/Enrico/Documents/GitHub/Keep-Driving-and-Nobody-Explodes/KeepDriving/Saved/Config/Windows/Scalability.ini]
[2019.12.02-14.19.36:236][  0]LogConfig: Setting CVar [[r.SkeletalMeshLODBias:0]]
[2019.12.02-14.19.36:236][  0]LogConfig: Setting CVar [[r.ViewDistanceScale:1.0]]
[2019.12.02-14.19.36:236][  0]LogConfig: Applying CVar settings from Section [AntiAliasingQuality@3] File [C:/Users/Enrico/Documents/GitHub/Keep-Driving-and-Nobody-Explodes/KeepDriving/Saved/Config/Windows/Scalability.ini]
[2019.12.02-14.19.36:236][  0]LogConfig: Setting CVar [[r.PostProcessAAQuality:4]]
[2019.12.02-14.19.36:236][  0]LogConfig: Applying CVar settings from Section [ShadowQuality@3] File [C:/Users/Enrico/Documents/GitHub/Keep-Driving-and-Nobody-Explodes/KeepDriving/Saved/Config/Windows/Scalability.ini]
[2019.12.02-14.19.36:236][  0]LogConfig: Setting CVar [[r.LightFunctionQuality:1]]
[2019.12.02-14.19.36:236][  0]LogConfig: Setting CVar [[r.ShadowQuality:5]]
[2019.12.02-14.19.36:236][  0]LogConfig: Setting CVar [[r.Shadow.CSM.MaxCascades:10]]
[2019.12.02-14.19.36:236][  0]LogConfig: Setting CVar [[r.Shadow.MaxResolution:2048]]
[2019.12.02-14.19.36:236][  0]LogConfig: Setting CVar [[r.Shadow.MaxCSMResolution:2048]]
[2019.12.02-14.19.36:236][  0]LogConfig: Setting CVar [[r.Shadow.RadiusThreshold:0.01]]
[2019.12.02-14.19.36:236][  0]LogConfig: Setting CVar [[r.Shadow.DistanceScale:1.0]]
[2019.12.02-14.19.36:236][  0]LogConfig: Setting CVar [[r.Shadow.CSM.TransitionScale:1.0]]
[2019.12.02-14.19.36:236][  0]LogConfig: Setting CVar [[r.Shadow.PreShadowResolutionFactor:1.0]]
[2019.12.02-14.19.36:236][  0]LogConfig: Setting CVar [[r.DistanceFieldShadowing:1]]
[2019.12.02-14.19.36:236][  0]LogConfig: Setting CVar [[r.DistanceFieldAO:1]]
[2019.12.02-14.19.36:236][  0]LogConfig: Setting CVar [[r.AOQuality:2]]
[2019.12.02-14.19.36:236][  0]LogConfig: Setting CVar [[r.VolumetricFog:1]]
[2019.12.02-14.19.36:236][  0]LogConfig: Setting CVar [[r.VolumetricFog.GridPixelSize:8]]
[2019.12.02-14.19.36:236][  0]LogConfig: Setting CVar [[r.VolumetricFog.GridSizeZ:128]]
[2019.12.02-14.19.36:236][  0]LogConfig: Setting CVar [[r.VolumetricFog.HistoryMissSupersampleCount:4]]
[2019.12.02-14.19.36:236][  0]LogConfig: Setting CVar [[r.LightMaxDrawDistanceScale:1]]
[2019.12.02-14.19.36:236][  0]LogConfig: Setting CVar [[r.CapsuleShadows:1]]
[2019.12.02-14.19.36:236][  0]LogConfig: Applying CVar settings from Section [PostProcessQuality@3] File [C:/Users/Enrico/Documents/GitHub/Keep-Driving-and-Nobody-Explodes/KeepDriving/Saved/Config/Windows/Scalability.ini]
[2019.12.02-14.19.36:236][  0]LogConfig: Setting CVar [[r.MotionBlurQuality:4]]
[2019.12.02-14.19.36:236][  0]LogConfig: Setting CVar [[r.AmbientOcclusionMipLevelFactor:0.4]]
[2019.12.02-14.19.36:236][  0]LogConfig: Setting CVar [[r.AmbientOcclusionMaxQuality:100]]
[2019.12.02-14.19.36:236][  0]LogConfig: Setting CVar [[r.AmbientOcclusionLevels:-1]]
[2019.12.02-14.19.36:236][  0]LogConfig: Setting CVar [[r.AmbientOcclusionRadiusScale:1.0]]
[2019.12.02-14.19.36:236][  0]LogConfig: Setting CVar [[r.DepthOfFieldQuality:2]]
[2019.12.02-14.19.36:236][  0]LogConfig: Setting CVar [[r.RenderTargetPoolMin:400]]
[2019.12.02-14.19.36:236][  0]LogConfig: Setting CVar [[r.LensFlareQuality:2]]
[2019.12.02-14.19.36:236][  0]LogConfig: Setting CVar [[r.SceneColorFringeQuality:1]]
[2019.12.02-14.19.36:236][  0]LogConfig: Setting CVar [[r.EyeAdaptationQuality:2]]
[2019.12.02-14.19.36:236][  0]LogConfig: Setting CVar [[r.BloomQuality:5]]
[2019.12.02-14.19.36:236][  0]LogConfig: Setting CVar [[r.FastBlurThreshold:100]]
[2019.12.02-14.19.36:236][  0]LogConfig: Setting CVar [[r.Upscale.Quality:3]]
[2019.12.02-14.19.36:236][  0]LogConfig: Setting CVar [[r.Tonemapper.GrainQuantization:1]]
[2019.12.02-14.19.36:236][  0]LogConfig: Setting CVar [[r.LightShaftQuality:1]]
[2019.12.02-14.19.36:237][  0]LogConfig: Setting CVar [[r.Filter.SizeScale:1]]
[2019.12.02-14.19.36:237][  0]LogConfig: Setting CVar [[r.Tonemapper.Quality:5]]
[2019.12.02-14.19.36:237][  0]LogConfig: Setting CVar [[r.DOF.Gather.AccumulatorQuality:1        ; higher gathering accumulator quality]]
[2019.12.02-14.19.36:237][  0]LogConfig: Setting CVar [[r.DOF.Gather.PostfilterMethod:1          ; Median3x3 postfilering method]]
[2019.12.02-14.19.36:237][  0]LogConfig: Setting CVar [[r.DOF.Gather.EnableBokehSettings:0       ; no bokeh simulation when gathering]]
[2019.12.02-14.19.36:237][  0]LogConfig: Setting CVar [[r.DOF.Gather.RingCount:4                 ; medium number of samples when gathering]]
[2019.12.02-14.19.36:237][  0]LogConfig: Setting CVar [[r.DOF.Scatter.ForegroundCompositing:1    ; additive foreground scattering]]
[2019.12.02-14.19.36:237][  0]LogConfig: Setting CVar [[r.DOF.Scatter.BackgroundCompositing:2    ; additive background scattering]]
[2019.12.02-14.19.36:237][  0]LogConfig: Setting CVar [[r.DOF.Scatter.EnableBokehSettings:1      ; bokeh simulation when scattering]]
[2019.12.02-14.19.36:237][  0]LogConfig: Setting CVar [[r.DOF.Scatter.MaxSpriteRatio:0.1         ; only a maximum of 10% of scattered bokeh]]
[2019.12.02-14.19.36:237][  0]LogConfig: Setting CVar [[r.DOF.Recombine.Quality:1                ; cheap slight out of focus]]
[2019.12.02-14.19.36:237][  0]LogConfig: Setting CVar [[r.DOF.Recombine.EnableBokehSettings:0    ; no bokeh simulation on slight out of focus]]
[2019.12.02-14.19.36:237][  0]LogConfig: Setting CVar [[r.DOF.TemporalAAQuality:1                ; more stable temporal accumulation]]
[2019.12.02-14.19.36:237][  0]LogConfig: Setting CVar [[r.DOF.Kernel.MaxForegroundRadius:0.025]]
[2019.12.02-14.19.36:237][  0]LogConfig: Setting CVar [[r.DOF.Kernel.MaxBackgroundRadius:0.025]]
[2019.12.02-14.19.36:237][  0]LogConfig: Applying CVar settings from Section [TextureQuality@3] File [C:/Users/Enrico/Documents/GitHub/Keep-Driving-and-Nobody-Explodes/KeepDriving/Saved/Config/Windows/Scalability.ini]
[2019.12.02-14.19.36:237][  0]LogConfig: Setting CVar [[r.Streaming.MipBias:0]]
[2019.12.02-14.19.36:237][  0]LogConfig: Setting CVar [[r.Streaming.AmortizeCPUToGPUCopy:0]]
[2019.12.02-14.19.36:237][  0]LogConfig: Setting CVar [[r.Streaming.MaxNumTexturesToStreamPerFrame:0]]
[2019.12.02-14.19.36:237][  0]LogConfig: Setting CVar [[r.Streaming.Boost:1]]
[2019.12.02-14.19.36:237][  0]LogConfig: Setting CVar [[r.MaxAnisotropy:8]]
[2019.12.02-14.19.36:237][  0]LogConfig: Setting CVar [[r.Streaming.LimitPoolSizeToVRAM:0]]
[2019.12.02-14.19.36:237][  0]LogConfig: Setting CVar [[r.Streaming.PoolSize:1000]]
[2019.12.02-14.19.36:237][  0]LogConfig: Setting CVar [[r.Streaming.MaxEffectiveScreenSize:0]]
[2019.12.02-14.19.36:237][  0]LogConfig: Applying CVar settings from Section [EffectsQuality@3] File [C:/Users/Enrico/Documents/GitHub/Keep-Driving-and-Nobody-Explodes/KeepDriving/Saved/Config/Windows/Scalability.ini]
[2019.12.02-14.19.36:237][  0]LogConfig: Setting CVar [[r.TranslucencyLightingVolumeDim:64]]
[2019.12.02-14.19.36:237][  0]LogConfig: Setting CVar [[r.RefractionQuality:2]]
[2019.12.02-14.19.36:237][  0]LogConfig: Setting CVar [[r.SSR.Quality:3]]
[2019.12.02-14.19.36:237][  0]LogConfig: Setting CVar [[r.SceneColorFormat:4]]
[2019.12.02-14.19.36:237][  0]LogConfig: Setting CVar [[r.DetailMode:2]]
[2019.12.02-14.19.36:237][  0]LogConfig: Setting CVar [[r.TranslucencyVolumeBlur:1]]
[2019.12.02-14.19.36:237][  0]LogConfig: Setting CVar [[r.MaterialQualityLevel:1 ; High quality]]
[2019.12.02-14.19.36:237][  0]LogConfig: Setting CVar [[r.SSS.Scale:1]]
[2019.12.02-14.19.36:237][  0]LogConfig: Setting CVar [[r.SSS.SampleSet:2]]
[2019.12.02-14.19.36:237][  0]LogConfig: Setting CVar [[r.SSS.Quality:1]]
[2019.12.02-14.19.36:237][  0]LogConfig: Setting CVar [[r.SSS.HalfRes:1]]
[2019.12.02-14.19.36:237][  0]LogConfig: Setting CVar [[r.EmitterSpawnRateScale:1.0]]
[2019.12.02-14.19.36:237][  0]LogConfig: Setting CVar [[r.ParticleLightQuality:2]]
[2019.12.02-14.19.36:237][  0]LogConfig: Applying CVar settings from Section [FoliageQuality@3] File [C:/Users/Enrico/Documents/GitHub/Keep-Driving-and-Nobody-Explodes/KeepDriving/Saved/Config/Windows/Scalability.ini]
[2019.12.02-14.19.36:237][  0]LogConfig: Setting CVar [[foliage.DensityScale:1.0]]
[2019.12.02-14.19.36:237][  0]LogConfig: Setting CVar [[grass.DensityScale:1.0]]
[2019.12.02-14.19.36:237][  0]LogInit: Selected Device Profile: [Windows]
[2019.12.02-14.19.36:237][  0]LogInit: Applying CVar settings loaded from the selected device profile: [Windows]
[2019.12.02-14.19.36:241][  0]LogHAL: Display: Platform has ~ 8 GB [8469782528 / 8589934592 / 8], which maps to Default [LargestMinGB=32, LargerMinGB=12, DefaultMinGB=8, SmallerMinGB=6, SmallestMinGB=0)
[2019.12.02-14.19.36:241][  0]LogInit: Going up to parent DeviceProfile []
[2019.12.02-14.19.36:241][  0]LogConfig: Applying CVar settings from Section [ViewDistanceQuality@3] File [C:/Users/Enrico/Documents/GitHub/Keep-Driving-and-Nobody-Explodes/KeepDriving/Saved/Config/Windows/Scalability.ini]
[2019.12.02-14.19.36:241][  0]LogConfig: Setting CVar [[r.SkeletalMeshLODBias:0]]
[2019.12.02-14.19.36:241][  0]LogConfig: Setting CVar [[r.ViewDistanceScale:1.0]]
[2019.12.02-14.19.36:241][  0]LogConfig: Applying CVar settings from Section [AntiAliasingQuality@3] File [C:/Users/Enrico/Documents/GitHub/Keep-Driving-and-Nobody-Explodes/KeepDriving/Saved/Config/Windows/Scalability.ini]
[2019.12.02-14.19.36:241][  0]LogConfig: Setting CVar [[r.PostProcessAAQuality:4]]
[2019.12.02-14.19.36:241][  0]LogConfig: Applying CVar settings from Section [ShadowQuality@3] File [C:/Users/Enrico/Documents/GitHub/Keep-Driving-and-Nobody-Explodes/KeepDriving/Saved/Config/Windows/Scalability.ini]
[2019.12.02-14.19.36:241][  0]LogConfig: Setting CVar [[r.LightFunctionQuality:1]]
[2019.12.02-14.19.36:241][  0]LogConfig: Setting CVar [[r.ShadowQuality:5]]
[2019.12.02-14.19.36:241][  0]LogConfig: Setting CVar [[r.Shadow.CSM.MaxCascades:10]]
[2019.12.02-14.19.36:241][  0]LogConfig: Setting CVar [[r.Shadow.MaxResolution:2048]]
[2019.12.02-14.19.36:241][  0]LogConfig: Setting CVar [[r.Shadow.MaxCSMResolution:2048]]
[2019.12.02-14.19.36:241][  0]LogConfig: Setting CVar [[r.Shadow.RadiusThreshold:0.01]]
[2019.12.02-14.19.36:241][  0]LogConfig: Setting CVar [[r.Shadow.DistanceScale:1.0]]
[2019.12.02-14.19.36:241][  0]LogConfig: Setting CVar [[r.Shadow.CSM.TransitionScale:1.0]]
[2019.12.02-14.19.36:241][  0]LogConfig: Setting CVar [[r.Shadow.PreShadowResolutionFactor:1.0]]
[2019.12.02-14.19.36:241][  0]LogConfig: Setting CVar [[r.DistanceFieldShadowing:1]]
[2019.12.02-14.19.36:241][  0]LogConfig: Setting CVar [[r.DistanceFieldAO:1]]
[2019.12.02-14.19.36:241][  0]LogConfig: Setting CVar [[r.AOQuality:2]]
[2019.12.02-14.19.36:241][  0]LogConfig: Setting CVar [[r.VolumetricFog:1]]
[2019.12.02-14.19.36:241][  0]LogConfig: Setting CVar [[r.VolumetricFog.GridPixelSize:8]]
[2019.12.02-14.19.36:241][  0]LogConfig: Setting CVar [[r.VolumetricFog.GridSizeZ:128]]
[2019.12.02-14.19.36:241][  0]LogConfig: Setting CVar [[r.VolumetricFog.HistoryMissSupersampleCount:4]]
[2019.12.02-14.19.36:241][  0]LogConfig: Setting CVar [[r.LightMaxDrawDistanceScale:1]]
[2019.12.02-14.19.36:241][  0]LogConfig: Setting CVar [[r.CapsuleShadows:1]]
[2019.12.02-14.19.36:241][  0]LogConfig: Applying CVar settings from Section [PostProcessQuality@3] File [C:/Users/Enrico/Documents/GitHub/Keep-Driving-and-Nobody-Explodes/KeepDriving/Saved/Config/Windows/Scalability.ini]
[2019.12.02-14.19.36:241][  0]LogConfig: Setting CVar [[r.MotionBlurQuality:4]]
[2019.12.02-14.19.36:241][  0]LogConfig: Setting CVar [[r.AmbientOcclusionMipLevelFactor:0.4]]
[2019.12.02-14.19.36:241][  0]LogConfig: Setting CVar [[r.AmbientOcclusionMaxQuality:100]]
[2019.12.02-14.19.36:241][  0]LogConfig: Setting CVar [[r.AmbientOcclusionLevels:-1]]
[2019.12.02-14.19.36:241][  0]LogConfig: Setting CVar [[r.AmbientOcclusionRadiusScale:1.0]]
[2019.12.02-14.19.36:241][  0]LogConfig: Setting CVar [[r.DepthOfFieldQuality:2]]
[2019.12.02-14.19.36:241][  0]LogConfig: Setting CVar [[r.RenderTargetPoolMin:400]]
[2019.12.02-14.19.36:241][  0]LogConfig: Setting CVar [[r.LensFlareQuality:2]]
[2019.12.02-14.19.36:241][  0]LogConfig: Setting CVar [[r.SceneColorFringeQuality:1]]
[2019.12.02-14.19.36:241][  0]LogConfig: Setting CVar [[r.EyeAdaptationQuality:2]]
[2019.12.02-14.19.36:241][  0]LogConfig: Setting CVar [[r.BloomQuality:5]]
[2019.12.02-14.19.36:241][  0]LogConfig: Setting CVar [[r.FastBlurThreshold:100]]
[2019.12.02-14.19.36:241][  0]LogConfig: Setting CVar [[r.Upscale.Quality:3]]
[2019.12.02-14.19.36:241][  0]LogConfig: Setting CVar [[r.Tonemapper.GrainQuantization:1]]
[2019.12.02-14.19.36:241][  0]LogConfig: Setting CVar [[r.LightShaftQuality:1]]
[2019.12.02-14.19.36:241][  0]LogConfig: Setting CVar [[r.Filter.SizeScale:1]]
[2019.12.02-14.19.36:241][  0]LogConfig: Setting CVar [[r.Tonemapper.Quality:5]]
[2019.12.02-14.19.36:241][  0]LogConfig: Setting CVar [[r.DOF.Gather.AccumulatorQuality:1        ; higher gathering accumulator quality]]
[2019.12.02-14.19.36:241][  0]LogConfig: Setting CVar [[r.DOF.Gather.PostfilterMethod:1          ; Median3x3 postfilering method]]
[2019.12.02-14.19.36:241][  0]LogConfig: Setting CVar [[r.DOF.Gather.EnableBokehSettings:0       ; no bokeh simulation when gathering]]
[2019.12.02-14.19.36:241][  0]LogConfig: Setting CVar [[r.DOF.Gather.RingCount:4                 ; medium number of samples when gathering]]
[2019.12.02-14.19.36:242][  0]LogConfig: Setting CVar [[r.DOF.Scatter.ForegroundCompositing:1    ; additive foreground scattering]]
[2019.12.02-14.19.36:242][  0]LogConfig: Setting CVar [[r.DOF.Scatter.BackgroundCompositing:2    ; additive background scattering]]
[2019.12.02-14.19.36:242][  0]LogConfig: Setting CVar [[r.DOF.Scatter.EnableBokehSettings:1      ; bokeh simulation when scattering]]
[2019.12.02-14.19.36:242][  0]LogConfig: Setting CVar [[r.DOF.Scatter.MaxSpriteRatio:0.1         ; only a maximum of 10% of scattered bokeh]]
[2019.12.02-14.19.36:242][  0]LogConfig: Setting CVar [[r.DOF.Recombine.Quality:1                ; cheap slight out of focus]]
[2019.12.02-14.19.36:242][  0]LogConfig: Setting CVar [[r.DOF.Recombine.EnableBokehSettings:0    ; no bokeh simulation on slight out of focus]]
[2019.12.02-14.19.36:242][  0]LogConfig: Setting CVar [[r.DOF.TemporalAAQuality:1                ; more stable temporal accumulation]]
[2019.12.02-14.19.36:242][  0]LogConfig: Setting CVar [[r.DOF.Kernel.MaxForegroundRadius:0.025]]
[2019.12.02-14.19.36:242][  0]LogConfig: Setting CVar [[r.DOF.Kernel.MaxBackgroundRadius:0.025]]
[2019.12.02-14.19.36:242][  0]LogConfig: Applying CVar settings from Section [TextureQuality@3] File [C:/Users/Enrico/Documents/GitHub/Keep-Driving-and-Nobody-Explodes/KeepDriving/Saved/Config/Windows/Scalability.ini]
[2019.12.02-14.19.36:242][  0]LogConfig: Setting CVar [[r.Streaming.MipBias:0]]
[2019.12.02-14.19.36:242][  0]LogConfig: Setting CVar [[r.Streaming.AmortizeCPUToGPUCopy:0]]
[2019.12.02-14.19.36:242][  0]LogConfig: Setting CVar [[r.Streaming.MaxNumTexturesToStreamPerFrame:0]]
[2019.12.02-14.19.36:242][  0]LogConfig: Setting CVar [[r.Streaming.Boost:1]]
[2019.12.02-14.19.36:242][  0]LogConfig: Setting CVar [[r.MaxAnisotropy:8]]
[2019.12.02-14.19.36:242][  0]LogConfig: Setting CVar [[r.Streaming.LimitPoolSizeToVRAM:0]]
[2019.12.02-14.19.36:242][  0]LogConfig: Setting CVar [[r.Streaming.PoolSize:1000]]
[2019.12.02-14.19.36:242][  0]LogConfig: Setting CVar [[r.Streaming.MaxEffectiveScreenSize:0]]
[2019.12.02-14.19.36:242][  0]LogConfig: Applying CVar settings from Section [EffectsQuality@3] File [C:/Users/Enrico/Documents/GitHub/Keep-Driving-and-Nobody-Explodes/KeepDriving/Saved/Config/Windows/Scalability.ini]
[2019.12.02-14.19.36:242][  0]LogConfig: Setting CVar [[r.TranslucencyLightingVolumeDim:64]]
[2019.12.02-14.19.36:242][  0]LogConfig: Setting CVar [[r.RefractionQuality:2]]
[2019.12.02-14.19.36:242][  0]LogConfig: Setting CVar [[r.SSR.Quality:3]]
[2019.12.02-14.19.36:242][  0]LogConfig: Setting CVar [[r.SceneColorFormat:4]]
[2019.12.02-14.19.36:242][  0]LogConfig: Setting CVar [[r.DetailMode:2]]
[2019.12.02-14.19.36:242][  0]LogConfig: Setting CVar [[r.TranslucencyVolumeBlur:1]]
[2019.12.02-14.19.36:242][  0]LogConfig: Setting CVar [[r.MaterialQualityLevel:1 ; High quality]]
[2019.12.02-14.19.36:242][  0]LogConfig: Setting CVar [[r.SSS.Scale:1]]
[2019.12.02-14.19.36:242][  0]LogConfig: Setting CVar [[r.SSS.SampleSet:2]]
[2019.12.02-14.19.36:242][  0]LogConfig: Setting CVar [[r.SSS.Quality:1]]
[2019.12.02-14.19.36:242][  0]LogConfig: Setting CVar [[r.SSS.HalfRes:1]]
[2019.12.02-14.19.36:242][  0]LogConfig: Setting CVar [[r.EmitterSpawnRateScale:1.0]]
[2019.12.02-14.19.36:242][  0]LogConfig: Setting CVar [[r.ParticleLightQuality:2]]
[2019.12.02-14.19.36:242][  0]LogConfig: Applying CVar settings from Section [FoliageQuality@3] File [C:/Users/Enrico/Documents/GitHub/Keep-Driving-and-Nobody-Explodes/KeepDriving/Saved/Config/Windows/Scalability.ini]
[2019.12.02-14.19.36:242][  0]LogConfig: Setting CVar [[foliage.DensityScale:1.0]]
[2019.12.02-14.19.36:242][  0]LogConfig: Setting CVar [[grass.DensityScale:1.0]]
[2019.12.02-14.19.36:242][  0]LogConfig: Applying CVar settings from Section [Startup] File [../../../Engine/Config/ConsoleVariables.ini]
[2019.12.02-14.19.36:242][  0]LogConfig: Setting CVar [[net.UseAdaptiveNetUpdateFrequency:0]]
[2019.12.02-14.19.36:242][  0]LogConfig: Setting CVar [[p.chaos.AllowCreatePhysxBodies:1]]
[2019.12.02-14.19.36:242][  0]LogConfig: Applying CVar settings from Section [ConsoleVariables] File [C:/Users/Enrico/Documents/GitHub/Keep-Driving-and-Nobody-Explodes/KeepDriving/Saved/Config/Windows/Engine.ini]
[2019.12.02-14.19.36:242][  0]LogInit: Computer: DESKTOP-NS1TDSD
[2019.12.02-14.19.36:242][  0]LogInit: User: Enrico
[2019.12.02-14.19.36:242][  0]LogInit: CPU Page size=4096, Cores=4
[2019.12.02-14.19.36:242][  0]LogInit: High frequency timer resolution =10.000000 MHz
[2019.12.02-14.19.36:242][  0]LogMemory: Memory total: Physical=7.9GB (8GB approx)
[2019.12.02-14.19.36:242][  0]LogMemory: Platform Memory Stats for Windows
[2019.12.02-14.19.36:243][  0]LogMemory: Process Physical Memory: 101.69 MB used, 101.69 MB peak
[2019.12.02-14.19.36:243][  0]LogMemory: Process Virtual Memory: 100.76 MB used, 100.76 MB peak
[2019.12.02-14.19.36:243][  0]LogMemory: Physical Memory: 4602.31 MB used,  3475.11 MB free, 8077.41 MB total
[2019.12.02-14.19.36:243][  0]LogMemory: Virtual Memory: 4668.43 MB used,  134213056.00 MB free, 134217728.00 MB total
[2019.12.02-14.19.36:245][  0]LogWindows: WindowsPlatformFeatures enabled
[2019.12.02-14.19.36:264][  0]LogInit: Using OS detected language (it-IT).
[2019.12.02-14.19.36:264][  0]LogInit: Using OS detected locale (it-IT).
[2019.12.02-14.19.36:265][  0]LogTextLocalizationManager: No specific localization for 'it-IT' exists, so the 'it' localization will be used.
[2019.12.02-14.19.36:265][  0]LogTextLocalizationResource: LocRes '../../../Engine/Content/Localization/Editor/it/Editor.locres' could not be opened for reading!
[2019.12.02-14.19.36:265][  0]LogTextLocalizationResource: LocRes '../../../Engine/Content/Localization/EditorTutorials/it/EditorTutorials.locres' could not be opened for reading!
[2019.12.02-14.19.36:265][  0]LogTextLocalizationResource: LocRes '../../../Engine/Content/Localization/Keywords/it/Keywords.locres' could not be opened for reading!
[2019.12.02-14.19.36:265][  0]LogTextLocalizationResource: LocRes '../../../Engine/Content/Localization/Category/it/Category.locres' could not be opened for reading!
[2019.12.02-14.19.36:265][  0]LogTextLocalizationResource: LocRes '../../../Engine/Content/Localization/ToolTips/it/ToolTips.locres' could not be opened for reading!
[2019.12.02-14.19.36:265][  0]LogTextLocalizationResource: LocRes '../../../Engine/Content/Localization/PropertyNames/it/PropertyNames.locres' could not be opened for reading!
[2019.12.02-14.19.36:265][  0]LogTextLocalizationResource: LocRes '../../../Engine/Content/Localization/Engine/it/Engine.locres' could not be opened for reading!
[2019.12.02-14.19.36:266][  0]LogInit: Setting process to per monitor DPI aware
[2019.12.02-14.19.36:290][  0]LogSlate: New Slate User Created.  User Index 0, Is Virtual User: 0
[2019.12.02-14.19.36:290][  0]LogSlate: Slate User Registered.  User Index 0, Is Virtual User: 0
[2019.12.02-14.19.36:490][  0]LogHMD: Failed to initialize OpenVR with code 110
[2019.12.02-14.19.36:490][  0]LogD3D11RHI: D3D11 adapters:
[2019.12.02-14.19.36:573][  0]LogD3D11RHI:    0. 'NVIDIA GeForce GTX 1060' (Feature Level 11_0)
[2019.12.02-14.19.36:573][  0]LogD3D11RHI:       2987/0/4038 MB DedicatedVideo/DedicatedSystem/SharedSystem, Outputs:1, VendorId:0x10de
[2019.12.02-14.19.36:586][  0]LogD3D11RHI:    1. 'Intel(R) HD Graphics 630' (Feature Level 11_0)
[2019.12.02-14.19.36:586][  0]LogD3D11RHI:       128/0/4038 MB DedicatedVideo/DedicatedSystem/SharedSystem, Outputs:0, VendorId:0x8086
[2019.12.02-14.19.36:588][  0]LogD3D11RHI:    2. 'Microsoft Basic Render Driver' (Feature Level 11_0)
[2019.12.02-14.19.36:588][  0]LogD3D11RHI:       0/0/4038 MB DedicatedVideo/DedicatedSystem/SharedSystem, Outputs:0, VendorId:0x1414
[2019.12.02-14.19.36:588][  0]LogD3D11RHI: Chosen D3D11 Adapter: 0
[2019.12.02-14.19.36:619][  0]LogD3D11RHI: Creating new Direct3DDevice
[2019.12.02-14.19.36:619][  0]LogD3D11RHI:     GPU DeviceId: 0x1c20 (for the marketing name, search the web for "GPU Device Id")
[2019.12.02-14.19.36:619][  0]LogWindows: EnumDisplayDevices:
[2019.12.02-14.19.36:619][  0]LogWindows:    0. 'Intel(R) HD Graphics 630' (P:1 D:1)
[2019.12.02-14.19.36:619][  0]LogWindows:    1. 'Intel(R) HD Graphics 630' (P:0 D:0)
[2019.12.02-14.19.36:619][  0]LogWindows:    2. 'Intel(R) HD Graphics 630' (P:0 D:0)
[2019.12.02-14.19.36:620][  0]LogWindows:    3. 'NVIDIA GeForce GTX 1060' (P:0 D:0)
[2019.12.02-14.19.36:620][  0]LogWindows:    4. 'NVIDIA GeForce GTX 1060' (P:0 D:0)
[2019.12.02-14.19.36:620][  0]LogWindows:    5. 'NVIDIA GeForce GTX 1060' (P:0 D:0)
[2019.12.02-14.19.36:621][  0]LogWindows:    6. 'NVIDIA GeForce GTX 1060' (P:0 D:0)
[2019.12.02-14.19.36:621][  0]LogWindows: DebugString: PrimaryIsNotTheChoosenAdapter PrimaryIsNotTheChoosenAdapter PrimaryIsNotTheChoosenAdapter FoundDriverCount:4 
[2019.12.02-14.19.36:621][  0]LogD3D11RHI:     Adapter Name: NVIDIA GeForce GTX 1060
[2019.12.02-14.19.36:621][  0]LogD3D11RHI:   Driver Version: 441.41 (internal:26.21.14.4141, unified:441.41)
[2019.12.02-14.19.36:621][  0]LogD3D11RHI:      Driver Date: 11-20-2019
[2019.12.02-14.19.36:621][  0]LogRHI: Texture pool is 2090 MB (70% of 2987 MB)
[2019.12.02-14.19.36:665][  0]LogD3D11RHI: Async texture creation enabled
[2019.12.02-14.19.36:688][  0]LogD3D11RHI: GPU Timing Frequency: 1000.000000 (Debug: 2 1)
[2019.12.02-14.19.37:001][  0]LogTemp: Display: Module 'AllDesktopTargetPlatform' loaded TargetPlatform 'AllDesktop'
[2019.12.02-14.19.37:008][  0]LogTemp: Display: Module 'MacClientTargetPlatform' loaded TargetPlatform 'MacClient'
[2019.12.02-14.19.37:017][  0]LogTemp: Display: Module 'MacNoEditorTargetPlatform' loaded TargetPlatform 'MacNoEditor'
[2019.12.02-14.19.37:025][  0]LogTemp: Display: Module 'MacServerTargetPlatform' loaded TargetPlatform 'MacServer'
[2019.12.02-14.19.37:033][  0]LogTemp: Display: Module 'MacTargetPlatform' loaded TargetPlatform 'Mac'
[2019.12.02-14.19.37:040][  0]LogTemp: Display: Module 'WindowsClientTargetPlatform' loaded TargetPlatform 'WindowsClient'
[2019.12.02-14.19.37:047][  0]LogTemp: Display: Module 'WindowsNoEditorTargetPlatform' loaded TargetPlatform 'WindowsNoEditor'
[2019.12.02-14.19.37:055][  0]LogTemp: Display: Module 'WindowsServerTargetPlatform' loaded TargetPlatform 'WindowsServer'
[2019.12.02-14.19.37:059][  0]LogTemp: Display: Module 'WindowsTargetPlatform' loaded TargetPlatform 'Windows'
[2019.12.02-14.19.37:090][  0]LogTemp: Display: Module 'AndroidTargetPlatform' loaded TargetPlatform 'Android'
[2019.12.02-14.19.37:090][  0]LogTemp: Display: Module 'AndroidTargetPlatform' loaded TargetPlatform 'Android_ASTC'
[2019.12.02-14.19.37:090][  0]LogTemp: Display: Module 'AndroidTargetPlatform' loaded TargetPlatform 'Android_ATC'
[2019.12.02-14.19.37:090][  0]LogTemp: Display: Module 'AndroidTargetPlatform' loaded TargetPlatform 'Android_DXT'
[2019.12.02-14.19.37:090][  0]LogTemp: Display: Module 'AndroidTargetPlatform' loaded TargetPlatform 'Android_ETC1'
[2019.12.02-14.19.37:090][  0]LogTemp: Display: Module 'AndroidTargetPlatform' loaded TargetPlatform 'Android_ETC1a'
[2019.12.02-14.19.37:090][  0]LogTemp: Display: Module 'AndroidTargetPlatform' loaded TargetPlatform 'Android_ETC2'
[2019.12.02-14.19.37:090][  0]LogTemp: Display: Module 'AndroidTargetPlatform' loaded TargetPlatform 'Android_PVRTC'
[2019.12.02-14.19.37:090][  0]LogTemp: Display: Module 'AndroidTargetPlatform' loaded TargetPlatform 'AndroidClient'
[2019.12.02-14.19.37:090][  0]LogTemp: Display: Module 'AndroidTargetPlatform' loaded TargetPlatform 'Android_ASTCClient'
[2019.12.02-14.19.37:090][  0]LogTemp: Display: Module 'AndroidTargetPlatform' loaded TargetPlatform 'Android_ATCClient'
[2019.12.02-14.19.37:090][  0]LogTemp: Display: Module 'AndroidTargetPlatform' loaded TargetPlatform 'Android_DXTClient'
[2019.12.02-14.19.37:090][  0]LogTemp: Display: Module 'AndroidTargetPlatform' loaded TargetPlatform 'Android_ETC1Client'
[2019.12.02-14.19.37:090][  0]LogTemp: Display: Module 'AndroidTargetPlatform' loaded TargetPlatform 'Android_ETC1aClient'
[2019.12.02-14.19.37:090][  0]LogTemp: Display: Module 'AndroidTargetPlatform' loaded TargetPlatform 'Android_ETC2Client'
[2019.12.02-14.19.37:090][  0]LogTemp: Display: Module 'AndroidTargetPlatform' loaded TargetPlatform 'Android_PVRTCClient'
[2019.12.02-14.19.37:090][  0]LogTemp: Display: Module 'AndroidTargetPlatform' loaded TargetPlatform 'Android_Multi'
[2019.12.02-14.19.37:090][  0]LogTemp: Display: Module 'AndroidTargetPlatform' loaded TargetPlatform 'Android_MultiClient'
[2019.12.02-14.19.37:092][  0]LogTemp: Display: Module 'HTML5TargetPlatform' loaded TargetPlatform 'HTML5'
[2019.12.02-14.19.37:106][  0]LogTemp: Display: Module 'IOSTargetPlatform' loaded TargetPlatform 'IOSClient'
[2019.12.02-14.19.37:106][  0]LogTemp: Display: Module 'IOSTargetPlatform' loaded TargetPlatform 'IOS'
[2019.12.02-14.19.37:119][  0]LogTemp: Display: Module 'TVOSTargetPlatform' loaded TargetPlatform 'TVOSClient'
[2019.12.02-14.19.37:119][  0]LogTemp: Display: Module 'TVOSTargetPlatform' loaded TargetPlatform 'TVOS'
[2019.12.02-14.19.37:125][  0]LogTemp: Display: Module 'LinuxClientTargetPlatform' loaded TargetPlatform 'LinuxClient'
[2019.12.02-14.19.37:132][  0]LogTemp: Display: Module 'LinuxNoEditorTargetPlatform' loaded TargetPlatform 'LinuxNoEditor'
[2019.12.02-14.19.37:138][  0]LogTemp: Display: Module 'LinuxServerTargetPlatform' loaded TargetPlatform 'LinuxServer'
[2019.12.02-14.19.37:145][  0]LogTemp: Display: Module 'LinuxTargetPlatform' loaded TargetPlatform 'Linux'
[2019.12.02-14.19.37:168][  0]LogTemp: Display: Module 'LuminTargetPlatform' loaded TargetPlatform 'Lumin'
[2019.12.02-14.19.37:168][  0]LogTemp: Display: Module 'LuminTargetPlatform' loaded TargetPlatform 'LuminClient'
[2019.12.02-14.19.37:168][  0]LogTargetPlatformManager: Display: Building Assets For Windows
[2019.12.02-14.19.37:176][  0]LogAudioDebug: Display: Lib vorbis DLL was dynamically loaded.
[2019.12.02-14.19.37:214][  0]LogShaderCompilers: Guid format shader working directory is -30 characters bigger than the processId version (C:/Users/Enrico/Documents/GitHub/Keep-Driving-and-Nobody-Explodes/KeepDriving/Intermediate/Shaders/WorkingDirectory/5196/).
[2019.12.02-14.19.37:214][  0]LogShaderCompilers: Cleaned the shader compiler working directory 'C:/Users/Enrico/AppData/Local/Temp/UnrealShaderWorkingDir/7A02EF11456D1B7748816B9ED783629A/'.
[2019.12.02-14.19.37:216][  0]LogXGEController: Cannot use XGE Controller as Incredibuild is not installed on this machine.
[2019.12.02-14.19.37:216][  0]LogShaderCompilers: Cannot use XGE Shader Compiler as Incredibuild is not installed on this machine.
[2019.12.02-14.19.37:216][  0]LogShaderCompilers: Display: Using Local Shader Compiler.
[2019.12.02-14.19.37:837][  0]LogDerivedDataCache: Display: Max Cache Size: 512 MB
[2019.12.02-14.19.37:911][  0]LogDerivedDataCache: Loaded boot cache 0.07s 73MB C:/Users/Enrico/AppData/Local/UnrealEngine/4.23/DerivedDataCache/Boot.ddc.
[2019.12.02-14.19.37:911][  0]LogDerivedDataCache: Display: Loaded Boot cache: C:/Users/Enrico/AppData/Local/UnrealEngine/4.23/DerivedDataCache/Boot.ddc
[2019.12.02-14.19.37:911][  0]LogDerivedDataCache: FDerivedDataBackendGraph:  Pak pak cache file C:/Users/Enrico/Documents/GitHub/Keep-Driving-and-Nobody-Explodes/KeepDriving/DerivedDataCache/DDC.ddp not found, will not use a pak cache.
[2019.12.02-14.19.37:911][  0]LogDerivedDataCache: Unable to find inner node Pak for hierarchical cache Hierarchy.
[2019.12.02-14.19.37:912][  0]LogDerivedDataCache: FDerivedDataBackendGraph:  CompressedPak pak cache file C:/Users/Enrico/Documents/GitHub/Keep-Driving-and-Nobody-Explodes/KeepDriving/DerivedDataCache/Compressed.ddp not found, will not use a pak cache.
[2019.12.02-14.19.37:912][  0]LogDerivedDataCache: Unable to find inner node CompressedPak for hierarchical cache Hierarchy.
[2019.12.02-14.19.37:924][  0]LogDerivedDataCache: Display: Pak cache opened for reading ../../../Engine/DerivedDataCache/Compressed.ddp.
[2019.12.02-14.19.37:924][  0]LogDerivedDataCache: FDerivedDataBackendGraph:  EnterprisePak pak cache file ../../../Enterprise/DerivedDataCache/Compressed.ddp not found, will not use a pak cache.
[2019.12.02-14.19.37:924][  0]LogDerivedDataCache: Unable to find inner node EnterprisePak for hierarchical cache Hierarchy.
[2019.12.02-14.19.37:926][  0]LogDerivedDataCache: Using Local data cache path C:/Users/Enrico/AppData/Local/UnrealEngine/Common/DerivedDataCache: Writable
[2019.12.02-14.19.37:926][  0]LogDerivedDataCache: Shared data cache path not found in *engine.ini, will not use an Shared cache.
[2019.12.02-14.19.37:926][  0]LogDerivedDataCache: Unable to find inner node Shared for hierarchical cache Hierarchy.
[2019.12.02-14.19.37:948][  0]LogMaterial: Verifying Global Shaders for PCD3D_SM5
[2019.12.02-14.19.37:950][  0]LogSlate: Using FreeType 2.6.0
[2019.12.02-14.19.37:951][  0]LogSlate: SlateFontServices - WITH_FREETYPE: 1, WITH_HARFBUZZ: 1
[2019.12.02-14.19.38:002][  0]LogAssetRegistry: FAssetRegistry took 0.0023 seconds to start up
[2019.12.02-14.19.38:250][  0]LogInit: Selected Device Profile: [Windows]
[2019.12.02-14.19.38:387][  0]LogMeshReduction: Using QuadricMeshReduction for automatic static mesh reduction
[2019.12.02-14.19.38:387][  0]LogMeshReduction: Using SimplygonMeshReduction for automatic skeletal mesh reduction
[2019.12.02-14.19.38:387][  0]LogMeshReduction: Using ProxyLODMeshReduction for automatic mesh merging
[2019.12.02-14.19.38:387][  0]LogMeshReduction: No distributed automatic mesh merging module available
[2019.12.02-14.19.38:387][  0]LogMeshMerging: No distributed automatic mesh merging module available
[2019.12.02-14.19.38:397][  0]LogNetVersion: MyProject3 1.0.0, NetCL: 8386587, EngineNetVer: 11, GameNetVer: 0 (Checksum: 3053665297)
[2019.12.02-14.19.38:876][  0]LogPackageLocalizationCache: Processed 12 localized package path(s) for 1 prioritized culture(s) in 0.092869 seconds
[2019.12.02-14.19.38:885][  0]LogUObjectArray: 43444 objects as part of root set at end of initial load.
[2019.12.02-14.19.38:885][  0]LogUObjectAllocator: 7548648 out of 0 bytes used by permanent object pool.
[2019.12.02-14.19.38:885][  0]LogUObjectArray: CloseDisregardForGC: 0/0 objects in disregard for GC pool
[2019.12.02-14.19.39:658][  0]LogTcpMessaging: Initializing TcpMessaging bridge
[2019.12.02-14.19.39:661][  0]LogUdpMessaging: Initializing bridge on interface 0.0.0.0:0 to multicast group 230.0.0.1:6666.
[2019.12.02-14.19.39:707][  0]SourceControl: Source control is disabled
[2019.12.02-14.19.39:707][  0]SourceControl: Source control is disabled
[2019.12.02-14.19.39:708][  0]SourceControl: Source control is disabled
[2019.12.02-14.19.39:709][  0]SourceControl: Source control is disabled
[2019.12.02-14.19.39:825][  0]LogAndroidPermission: UAndroidPermissionCallbackProxy::GetInstance
[2019.12.02-14.19.39:925][  0]LogOcInput: OculusInput pre-init called
[2019.12.02-14.19.39:931][  0]LogWindows: Failed to load 'OVRPlugin.dll' (GetLastError=126)
[2019.12.02-14.19.39:931][  0]LogWindows: File 'OVRPlugin.dll' does not exist
[2019.12.02-14.19.40:002][  0]LogEngine: Initializing Engine...
[2019.12.02-14.19.40:003][  0]LogHMD: Failed to initialize OpenVR with code 110
[2019.12.02-14.19.40:004][  0]LogStats: UGameplayTagsManager::InitializeManager -  0.000 s
[2019.12.02-14.19.40:232][  0]LogInit: Initializing FReadOnlyCVARCache
[2019.12.02-14.19.40:244][  0]LogAIModule: Creating AISystem for world Untitled
[2019.12.02-14.19.40:267][  0]LogInit: XAudio2 using 'Altoparlanti (Realtek High Definition Audio)' : 2 channels at 48 kHz using 32 bits per sample (channel mask 0x3)
[2019.12.02-14.19.40:397][  0]LogInit: FAudioDevice initialized.
[2019.12.02-14.19.40:397][  0]LogNetVersion: Set ProjectVersion to 1.0.0.0. Version Checksum will be recalculated on next use.
[2019.12.02-14.19.40:511][  0]LogDerivedDataCache: Saved boot cache 0.11s 73MB C:/Users/Enrico/AppData/Local/UnrealEngine/4.23/DerivedDataCache/Boot.ddc.
[2019.12.02-14.19.40:517][  0]LogInit: Texture streaming: Enabled
[2019.12.02-14.19.40:533][  0]LogEngineSessionManager: EngineSessionManager initialized
[2019.12.02-14.19.40:533][  0]LogEditorSessionSummary: Verbose: Initializing EditorSessionSummaryWriter for editor session tracking
[2019.12.02-14.19.40:559][  0]LogEditorSessionSummary: EditorSessionSummaryWriter initialized
[2019.12.02-14.19.40:657][  0]LogInit: Transaction tracking system initialized
[2019.12.02-14.19.40:679][  0]BlueprintLog: New page: Editor Load
[2019.12.02-14.19.40:739][  0]LocalizationService: Localization service is disabled
[2019.12.02-14.19.41:842][  0]LogFileCache: Scanning file cache for directory 'C:/Users/Enrico/Documents/GitHub/Keep-Driving-and-Nobody-Explodes/KeepDriving/Content/' took 0.01s
[2019.12.02-14.19.41:842][  0]LogCook: Display: Max memory allowance for cook 16384mb min free memory 0mb
[2019.12.02-14.19.41:842][  0]LogCook: Display: Mobile HDR setting 1
[2019.12.02-14.19.42:000][  0]SourceControl: Source control is disabled
[2019.12.02-14.19.42:000][  0]Cmd: MAP LOAD FILE="C:/Users/Enrico/Documents/GitHub/Keep-Driving-and-Nobody-Explodes/KeepDriving/Content/VehicleBP/Maps/VehicleExampleMap.umap" TEMPLATE=0 SHOWPROGRESS=1 FEATURELEVEL=3
[2019.12.02-14.19.42:004][  0]LightingResults: New page: Lighting Build
[2019.12.02-14.19.42:006][  0]LogWorld: UWorld::CleanupWorld for Untitled, bSessionEnded=true, bCleanupResources=true
[2019.12.02-14.19.42:007][  0]MapCheck: New page: Map Check
[2019.12.02-14.19.42:007][  0]LightingResults: New page: Lighting Build
[2019.12.02-14.19.42:036][  0]LogUObjectHash: Compacting FUObjectHashTables data took   2.15ms
[2019.12.02-14.19.44:263][  0]LogMaterial: Display: Missing cached shader map for material Material_002, compiling. 
[2019.12.02-14.19.44:739][  0]LogShaderCompilers: Display: Worker (1/5): shaders left to compile 31
[2019.12.02-14.19.44:739][  0]LogShaderCompilers: Display: Worker (2/5): shaders left to compile 24
[2019.12.02-14.19.44:739][  0]LogShaderCompilers: Display: Worker (3/5): shaders left to compile 17
[2019.12.02-14.19.44:739][  0]LogShaderCompilers: Display: Worker (4/5): shaders left to compile 10
[2019.12.02-14.19.44:739][  0]LogShaderCompilers: Display: Worker (5/5): shaders left to compile 3
[2019.12.02-14.19.44:739][  0]LogMaterial: Display: Missing cached shader map for material Material_006, compiling. 
[2019.12.02-14.19.44:827][  0]LogMaterial: Display: Missing cached shader map for material Material_004, compiling. 
[2019.12.02-14.19.45:799][  0]LogMaterial: Display: Missing cached shader map for material Material_001, compiling. 
[2019.12.02-14.19.46:393][  0]LogAIModule: Creating AISystem for world VehicleExampleMap
[2019.12.02-14.19.47:540][  0]PIE: Warning: AttachTo: '/Game/VehicleBP/Maps/VehicleExampleMap.VehicleExampleMap:PersistentLevel.FbxScene_Bomb.DefaultSceneRoot' is not static  (in blueprint "FbxScene_Bomb"), cannot attach '/Game/VehicleBP/Maps/VehicleExampleMap.VehicleExampleMap:PersistentLevel.FbxScene_Bomb.DefaultSceneRoot1' which is static to it. Aborting.
[2019.12.02-14.19.47:708][  0]LogEditorServer: Finished looking for orphan Actors (0.000 secs)
[2019.12.02-14.19.47:788][  0]LogUObjectHash: Compacting FUObjectHashTables data took   2.02ms
[2019.12.02-14.19.47:788][  0]Cmd: MAP CHECKDEP NOCLEARLOG
[2019.12.02-14.19.47:788][  0]MapCheck: Map check complete: 0 Error(s), 0 Warning(s), took 0,203ms to complete.
[2019.12.02-14.19.47:788][  0]LogFileHelpers: Loading map 'VehicleExampleMap' took 5.789
[2019.12.02-14.19.50:960][  0]LogSlate: Updating window title bar state: overlay mode, drag disabled, window buttons hidden, title bar hidden
[2019.12.02-14.19.50:979][  0]LogSlate: Updating window title bar state: overlay mode, drag disabled, window buttons hidden, title bar hidden
[2019.12.02-14.19.50:997][  0]LogSlate: Updating window title bar state: overlay mode, drag disabled, window buttons hidden, title bar hidden
[2019.12.02-14.19.51:011][  0]LogSlate: Updating window title bar state: overlay mode, drag disabled, window buttons hidden, title bar hidden
[2019.12.02-14.19.51:109][  0]LogCollectionManager: Loaded 0 collections in 0.002181 seconds
[2019.12.02-14.19.51:298][  0]LogFileCache: Scanning file cache for directory 'C:/Users/Enrico/Documents/GitHub/Keep-Driving-and-Nobody-Explodes/KeepDriving/Saved/Collections/' took 0.00s
[2019.12.02-14.19.51:298][  0]LogFileCache: Scanning file cache for directory 'C:/Users/Enrico/Documents/GitHub/Keep-Driving-and-Nobody-Explodes/KeepDriving/Content/Developers/Enrico/Collections/' took 0.00s
[2019.12.02-14.19.51:298][  0]LogFileCache: Scanning file cache for directory 'C:/Users/Enrico/Documents/GitHub/Keep-Driving-and-Nobody-Explodes/KeepDriving/Content/Collections/' took 0.00s
[2019.12.02-14.19.51:298][  0]LogCollectionManager: Rebuilt the GUID cache for 0 collections in 0.000003 seconds
[2019.12.02-14.19.51:328][  0]LogContentBrowser: Native class hierarchy populated in 0.0285 seconds. Added 2865 classes and 683 folders.
[2019.12.02-14.19.51:465][  0]LogContentBrowser: Native class hierarchy updated for 'WidgetCarousel' in 0.0006 seconds. Added 0 classes and 0 folders.
[2019.12.02-14.19.53:491][  0]LogShaderCompilers: Display: Worker (5/5): shaders left to compile 169
[2019.12.02-14.19.53:491][  0]LogShaderCompilers: Display: Worker (1/5): shaders left to compile 159
[2019.12.02-14.19.53:491][  0]LogContentBrowser: Native class hierarchy updated for 'AddContentDialog' in 0.0007 seconds. Added 0 classes and 0 folders.
[2019.12.02-14.19.53:822][  0]LogContentBrowser: Native class hierarchy updated for 'SceneOutliner' in 0.0006 seconds. Added 1 classes and 2 folders.
[2019.12.02-14.19.55:061][  0]LogShaderCompilers: Display: Worker (3/5): shaders left to compile 149
[2019.12.02-14.19.55:061][  0]LogShaderCompilers: Display: Worker (2/5): shaders left to compile 139
[2019.12.02-14.19.55:061][  0]LogShaderCompilers: Display: Worker (4/5): shaders left to compile 129
[2019.12.02-14.19.55:061][  0]LogSlate: Took 0.000201 seconds to synchronously load lazily loaded font '../../../Engine/Content/Slate/Fonts/Roboto-Regular.ttf' (155K)
[2019.12.02-14.19.55:085][  0]LogSlate: Took 0.000249 seconds to synchronously load lazily loaded font '../../../Engine/Content/Slate/Fonts/Roboto-Bold.ttf' (160K)
[2019.12.02-14.19.55:274][  0]LogSlate: Took 0.020750 seconds to synchronously load lazily loaded font '../../../Engine/Content/Editor/Slate/Fonts/FontAwesome.ttf' (139K)
[2019.12.02-14.19.56:171][  0]LogShaderCompilers: Display: Worker (5/5): shaders left to compile 119
[2019.12.02-14.19.56:171][  0]LogRenderer: Reallocating scene render targets to support 860x436 Format 10 NumSamples 1 (Frame:1).
[2019.12.02-14.19.58:311][  0]LogShaderCompilers: Display: Worker (2/5): shaders left to compile 109
[2019.12.02-14.19.58:311][  0]LogSlate: Took 0.056118 seconds to synchronously load lazily loaded font '../../../Engine/Content/Slate/Fonts/Roboto-Light.ttf' (167K)
[2019.12.02-14.19.58:678][  0]LogShaderCompilers: Display: Worker (5/5): shaders left to compile 99
[2019.12.02-14.19.58:716][  0]LogContentBrowser: Native class hierarchy updated for 'HierarchicalLODOutliner' in 0.0003 seconds. Added 0 classes and 0 folders.
[2019.12.02-14.19.58:716][  0]LogLoad: (Engine Initialization) Total time: 23.42 seconds
[2019.12.02-14.19.58:716][  0]LogLoad: (Engine Initialization) Total Blueprint compile time: 0.00 seconds
[2019.12.02-14.19.58:758][  0]LogRawInputWindows: Warning: Found device 0 devices
[2019.12.02-14.19.58:758][  0]LogRawInputWindows: Warning: Found device 0 devices
[2019.12.02-14.19.58:758][  0]LogRawInputWindows: Warning: Device was registered succesfully but not connected (Usage:4 UsagePage:1)
[2019.12.02-14.19.58:758][  0]LogRawInputWindows: Warning: Found device 1 devices
[2019.12.02-14.19.58:758][  0]LogRawInputWindows: Warning: Device was registered succesfully but not connected (Usage:5 UsagePage:1)
[2019.12.02-14.19.59:014][  0]LogShaderCompilers: Display: Worker (4/5): shaders left to compile 89
[2019.12.02-14.19.59:068][  0]LogShaderCompilers: Display: Worker (1/5): shaders left to compile 79
[2019.12.02-14.19.59:537][  0]LogContentStreaming: Texture pool size now 1000 MB
[2019.12.02-14.19.59:827][  1]LogShaderCompilers: Display: Worker (3/5): shaders left to compile 69
[2019.12.02-14.20.00:383][  2]LogSlate: Took 0.000376 seconds to synchronously load lazily loaded font '../../../Engine/Content/Slate/Fonts/Roboto-Light.ttf' (167K)
[2019.12.02-14.20.02:870][115]LogShaderCompilers: Display: Worker (2/5): shaders left to compile 59
[2019.12.02-14.20.06:984][325]LogShaderCompilers: Display: Worker (3/5): shaders left to compile 49
[2019.12.02-14.20.09:631][481]LogShaderCompilers: Display: Worker (1/5): shaders left to compile 39
[2019.12.02-14.20.10:313][521]LogShaderCompilers: Display: Worker (4/5): shaders left to compile 29
[2019.12.02-14.20.11:254][574]LogAssetRegistry: Asset discovery search completed in 33.2525 seconds
[2019.12.02-14.20.11:266][574]LogCollectionManager: Rebuilt the object cache for 0 collections in 0.000009 seconds (found 0 objects)
[2019.12.02-14.20.11:266][574]LogCollectionManager: Fixed up redirectors for 0 collections in 0.000146 seconds (updated 0 objects)
[2019.12.02-14.20.12:148][615]LogShaderCompilers: Display: Worker (2/5): shaders left to compile 21
[2019.12.02-14.20.14:031][725]LogShaderCompilers: Display: Worker (3/5): shaders left to compile 15
[2019.12.02-14.20.15:312][798]LogShaderCompilers: Display: Worker (4/5): shaders left to compile 11
[2019.12.02-14.20.17:153][908]LogShaderCompilers: Display: Worker (1/5): shaders left to compile 8
[2019.12.02-14.20.18:879][  8]LogShaderCompilers: Display: Worker (4/5): shaders left to compile 5
[2019.12.02-14.20.19:367][ 36]LogShaderCompilers: Display: Worker (3/5): shaders left to compile 3
[2019.12.02-14.20.19:546][ 47]LogShaderCompilers: Display: Worker (2/5): shaders left to compile 2
[2019.12.02-14.20.20:388][ 95]LogShaderCompilers: Display: Worker (2/5): shaders left to compile 1
[2019.12.02-14.20.28:759][881]LogSlate: FSceneViewport::OnFocusLost() reason 0
[2019.12.02-14.20.58:761][739]LogEditorSessionSummary: EditorSessionSummary sent report. Type=Shutdown, SessionId={38E06DD0-44C3-C394-C6C4-16A1BCE708DD}
[2019.12.02-14.20.58:761][739]LogEditorSessionSummary: EditorSessionSummary sent report. Type=Shutdown, SessionId={A8AE87BE-47AD-4D23-51A6-5082F6143A09}
[2019.12.02-14.21.20:392][509]LogSlate: Window 'Pick Parent Class' being destroyed
[2019.12.02-14.21.27:573][177]LogAssetEditorManager: Opening Asset editor for Blueprint /Game/Victory.Victory
[2019.12.02-14.21.28:322][177]LogContentBrowser: Native class hierarchy updated for 'BlueprintGraph' in 0.0005 seconds. Added 121 classes and 0 folders.
[2019.12.02-14.21.30:539][177]LogRenderer: Reallocating scene render targets to support 928x540 Format 10 NumSamples 1 (Frame:1).
[2019.12.02-14.21.32:110][257]LogSlate: Took 0.026052 seconds to synchronously load lazily loaded font '../../../Engine/Content/Slate/Fonts/Roboto-Italic.ttf' (157K)
[2019.12.02-14.21.35:618][458]LogSlate: Window 'Victory' being destroyed
[2019.12.02-14.21.35:630][458]LogSlate: Window 'Victory' being destroyed
[2019.12.02-14.21.35:708][458]LogWorld: UWorld::CleanupWorld for World_3, bSessionEnded=true, bCleanupResources=true
[2019.12.02-14.21.36:320][505]LogUObjectHash: Compacting FUObjectHashTables data took   3.69ms
[2019.12.02-14.21.38:641][505]LogSlate: Window 'Save Content' being destroyed
[2019.12.02-14.23.18:105][132]LogAssetEditorManager: Opening Asset editor for Blueprint /Game/Victory.Victory
[2019.12.02-14.23.24:492][511]LogSlate: Window 'Victory' being destroyed
[2019.12.02-14.23.24:502][511]LogSlate: Window 'Victory' being destroyed
[2019.12.02-14.23.24:502][511]LogWorld: UWorld::CleanupWorld for World_4, bSessionEnded=true, bCleanupResources=true
[2019.12.02-14.23.25:739][615]LogAssetEditorManager: Opening Asset editor for Blueprint /Game/Victory.Victory
[2019.12.02-14.23.30:601][906]LogSlate: Window 'Victory' being destroyed
[2019.12.02-14.23.30:615][906]LogSlate: Window 'Victory' being destroyed
[2019.12.02-14.23.30:616][906]LogWorld: UWorld::CleanupWorld for World_5, bSessionEnded=true, bCleanupResources=true
[2019.12.02-14.23.35:801][396]LogAssetEditorManager: Opening Asset editor for Blueprint /Game/Victory.Victory
[2019.12.02-14.23.46:215][100]LogSlate: Window 'Victory' being destroyed
[2019.12.02-14.23.46:227][100]LogSlate: Window 'Victory' being destroyed
[2019.12.02-14.23.46:228][100]LogWorld: UWorld::CleanupWorld for World_6, bSessionEnded=true, bCleanupResources=true
[2019.12.02-14.23.49:985][417]LogUObjectHash: Compacting FUObjectHashTables data took   2.81ms
[2019.12.02-14.23.53:234][417]LogSlate: Window 'Delete Assets' being destroyed
[2019.12.02-14.23.53:491][417]LogUObjectHash: Compacting FUObjectHashTables data took   2.65ms
[2019.12.02-14.24.03:305][798]LogSlate: Window 'Pick Parent Class' being destroyed
[2019.12.02-14.24.12:121][679]LogAssetEditorManager: Opening Asset editor for Blueprint /Game/Victory.Victory
[2019.12.02-14.24.34:299][946]LogSlate: FSceneViewport::OnFocusLost() reason 0
[2019.12.02-14.24.58:987][402]LogEditorSessionSummary: EditorSessionSummary sent report. Type=Shutdown, SessionId={CBEC12E7-4023-3D11-49EA-7793369A0054}
[2019.12.02-14.25.01:344][534]LogSlate: FSceneViewport::OnFocusLost() reason 0
[2019.12.02-14.25.01:403][534]LogSlate: Took 0.021535 seconds to synchronously load lazily loaded font '../../../Engine/Content/Slate/Fonts/Roboto-BoldCondensed.ttf' (158K)
[2019.12.02-14.25.46:139][518]BlueprintLog: New page: Compile Victory
[2019.12.02-14.25.46:793][518]LogUObjectHash: Compacting FUObjectHashTables data took   3.57ms
[2019.12.02-14.25.48:723][651]LogSlate: Window 'Victory' being destroyed
[2019.12.02-14.25.48:735][651]LogSlate: Window 'Victory' being destroyed
[2019.12.02-14.25.48:737][651]LogWorld: UWorld::CleanupWorld for World_7, bSessionEnded=true, bCleanupResources=true
[2019.12.02-14.25.50:008][778]LogUObjectHash: Compacting FUObjectHashTables data took   2.74ms
[2019.12.02-14.25.51:203][778]LogSlate: Window 'Save Content' being destroyed
[2019.12.02-14.25.51:245][778]Cmd: OBJ SAVEPACKAGE PACKAGE="/Game/Victory" FILE="C:/Users/Enrico/Documents/GitHub/Keep-Driving-and-Nobody-Explodes/KeepDriving/Content/Victory.uasset" SILENT=true
[2019.12.02-14.25.51:400][778]LogSavePackage: Moving 'C:/Users/Enrico/Documents/GitHub/Keep-Driving-and-Nobody-Explodes/KeepDriving/Saved/Victory395E2862470DA284B2D6BFB7907F0D67.tmp' to 'C:/Users/Enrico/Documents/GitHub/Keep-Driving-and-Nobody-Explodes/KeepDriving/Content/Victory.uasset'
[2019.12.02-14.25.51:616][778]LogSlate: Window 'MyProject3 - Unreal Editor' being destroyed
[2019.12.02-14.25.51:859][779]Cmd: QUIT_EDITOR
[2019.12.02-14.25.51:889][779]LogWindowsTextInputMethodSystem: Display: IME system now deactivated.
[2019.12.02-14.25.51:898][779]LogExit: Preparing to exit.
[2019.12.02-14.25.52:010][779]LogWorld: UWorld::CleanupWorld for World_1, bSessionEnded=true, bCleanupResources=true
[2019.12.02-14.25.52:012][779]LogWorld: UWorld::CleanupWorld for World_2, bSessionEnded=true, bCleanupResources=true
[2019.12.02-14.25.52:013][779]LogWorld: UWorld::CleanupWorld for World_0, bSessionEnded=true, bCleanupResources=true
[2019.12.02-14.25.52:085][779]LogDemo: Cleaned up 0 splitscreen connections with owner deletion
[2019.12.02-14.25.52:095][779]LogWorld: UWorld::CleanupWorld for None, bSessionEnded=true, bCleanupResources=true
[2019.12.02-14.25.52:095][779]LogExit: Editor shut down
[2019.12.02-14.25.52:096][779]LogExit: Transaction tracking system shut down
[2019.12.02-14.25.52:313][779]LogExit: Object subsystem successfully closed.
[2019.12.02-14.25.52:331][779]LogShaderCompilers: Display: Shaders left to compile 0
[2019.12.02-14.25.52:342][779]LogModuleManager: Shutting down and abandoning module BlueprintGraph (672)
[2019.12.02-14.25.52:342][779]LogModuleManager: Shutting down and abandoning module HierarchicalLODOutliner (670)
[2019.12.02-14.25.52:342][779]LogModuleManager: Shutting down and abandoning module SceneOutliner (668)
[2019.12.02-14.25.52:342][779]LogModuleManager: Shutting down and abandoning module AddContentDialog (666)
[2019.12.02-14.25.52:363][779]LogModuleManager: Shutting down and abandoning module WidgetCarousel (665)
[2019.12.02-14.25.52:363][779]LogModuleManager: Shutting down and abandoning module EditorWidgets (662)
[2019.12.02-14.25.52:363][779]LogModuleManager: Shutting down and abandoning module CollectionManager (660)
[2019.12.02-14.25.52:363][779]LogModuleManager: Shutting down and abandoning module StatsViewer (658)
[2019.12.02-14.25.52:363][779]LogModuleManager: Shutting down and abandoning module VirtualTexturingEditor (656)
[2019.12.02-14.25.52:363][779]LogModuleManager: Shutting down and abandoning module FoliageEdit (654)
[2019.12.02-14.25.52:363][779]LogModuleManager: Shutting down and abandoning module LandscapeEditor (652)
[2019.12.02-14.25.52:364][779]LogModuleManager: Shutting down and abandoning module MeshPaintMode (650)
[2019.12.02-14.25.52:364][779]LogModuleManager: Shutting down and abandoning module SceneDepthPickerMode (648)
[2019.12.02-14.25.52:364][779]LogModuleManager: Shutting down and abandoning module ActorPickerMode (646)
[2019.12.02-14.25.52:364][779]LogModuleManager: Shutting down and abandoning module GeometryMode (644)
[2019.12.02-14.25.52:364][779]LogModuleManager: Shutting down and abandoning module TextureAlignMode (642)
[2019.12.02-14.25.52:364][779]LogModuleManager: Shutting down and abandoning module BspMode (640)
[2019.12.02-14.25.52:364][779]LogModuleManager: Shutting down and abandoning module PIEPreviewDeviceProfileSelector (638)
[2019.12.02-14.25.52:364][779]LogModuleManager: Shutting down and abandoning module SequenceRecorderSections (636)
[2019.12.02-14.25.52:364][779]LogModuleManager: Shutting down and abandoning module AutomationWorker (634)
[2019.12.02-14.25.52:364][779]LogModuleManager: Shutting down and abandoning module OculusMR (632)
[2019.12.02-14.25.52:364][779]LogModuleManager: Shutting down and abandoning module AudioCaptureEditor (630)
[2019.12.02-14.25.52:364][779]LogModuleManager: Shutting down and abandoning module MatineeToLevelSequence (628)
[2019.12.02-14.25.52:364][779]LogModuleManager: Shutting down and abandoning module LevelSequenceEditor (626)
[2019.12.02-14.25.52:364][779]LogModuleManager: Shutting down and abandoning module PlacementMode (625)
[2019.12.02-14.25.52:364][779]LogModuleManager: Shutting down and abandoning module MaterialEditor (624)
[2019.12.02-14.25.52:364][779]LogModuleManager: Shutting down and abandoning module ActorSequenceEditor (620)
[2019.12.02-14.25.52:364][779]LogModuleManager: Shutting down and abandoning module WmfMediaFactory (618)
[2019.12.02-14.25.52:364][779]LogModuleManager: Shutting down and abandoning module WmfMediaEditor (616)
[2019.12.02-14.25.52:364][779]LogModuleManager: Shutting down and abandoning module WebMMediaFactory (614)
[2019.12.02-14.25.52:364][779]LogModuleManager: Shutting down and abandoning module WebMMediaEditor (612)
[2019.12.02-14.25.52:364][779]LogModuleManager: Shutting down and abandoning module WebMMedia (610)
[2019.12.02-14.25.52:364][779]LogModuleManager: Shutting down and abandoning module MediaPlayerEditor (608)
[2019.12.02-14.25.52:364][779]LogModuleManager: Shutting down and abandoning module MediaCompositingEditor (606)
[2019.12.02-14.25.52:364][779]LogModuleManager: Shutting down and abandoning module SequenceRecorder (605)
[2019.12.02-14.25.52:364][779]LogModuleManager: Shutting down and abandoning module OpenExrWrapper (602)
[2019.12.02-14.25.52:364][779]LogModuleManager: Shutting down and abandoning module ImgMediaFactory (600)
[2019.12.02-14.25.52:364][779]LogModuleManager: Shutting down and abandoning module ImgMediaEditor (598)
[2019.12.02-14.25.52:364][779]LogModuleManager: Shutting down and abandoning module AvfMediaFactory (596)
[2019.12.02-14.25.52:364][779]LogModuleManager: Shutting down and abandoning module AvfMediaEditor (594)
[2019.12.02-14.25.52:364][779]LogModuleManager: Shutting down and abandoning module AndroidMediaFactory (592)
[2019.12.02-14.25.52:364][779]LogModuleManager: Shutting down and abandoning module AndroidMediaEditor (590)
[2019.12.02-14.25.52:364][779]LogModuleManager: Shutting down and abandoning module MagicLeapCameraPreviewFactory (588)
[2019.12.02-14.25.52:364][779]LogModuleManager: Shutting down and abandoning module MagicLeapMediaCodecFactory (586)
[2019.12.02-14.25.52:364][779]LogModuleManager: Shutting down and abandoning module MagicLeapMediaFactory (584)
[2019.12.02-14.25.52:364][779]LogModuleManager: Shutting down and abandoning module MagicLeapMediaEditor (582)
[2019.12.02-14.25.52:364][779]LogModuleManager: Shutting down and abandoning module CharacterAI (580)
[2019.12.02-14.25.52:364][779]LogModuleManager: Shutting down and abandoning module SmartSnapping (578)
[2019.12.02-14.25.52:364][779]LogModuleManager: Shutting down and abandoning module SessionServices (576)
[2019.12.02-14.25.52:364][779]LogModuleManager: Shutting down and abandoning module MeshPaint (574)
[2019.12.02-14.25.52:364][779]LogModuleManager: Shutting down and abandoning module ViewportSnapping (572)
[2019.12.02-14.25.52:364][779]LogModuleManager: Shutting down and abandoning module ViewportInteraction (570)
[2019.12.02-14.25.52:364][779]LogModuleManager: Shutting down and abandoning module ClothPainter (568)
[2019.12.02-14.25.52:364][779]LogModuleManager: Shutting down and abandoning module SkeletalMeshEditor (567)
[2019.12.02-14.25.52:364][779]LogModuleManager: Shutting down and abandoning module LogVisualizer (564)
[2019.12.02-14.25.52:364][779]LogModuleManager: Shutting down and abandoning module IntroTutorials (562)
[2019.12.02-14.25.52:396][779]LogModuleManager: Shutting down and abandoning module GameProjectGeneration (561)
[2019.12.02-14.25.52:396][779]LogModuleManager: Shutting down and abandoning module LuminPlatformEditor (558)
[2019.12.02-14.25.52:396][779]LogModuleManager: Shutting down and abandoning module IOSPlatformEditor (556)
[2019.12.02-14.25.52:396][779]LogModuleManager: Shutting down and abandoning module HTML5PlatformEditor (554)
[2019.12.02-14.25.52:396][779]LogModuleManager: Shutting down and abandoning module AndroidPlatformEditor (552)
[2019.12.02-14.25.52:396][779]LogModuleManager: Shutting down and abandoning module AndroidDeviceDetection (551)
[2019.12.02-14.25.52:984][779]LogModuleManager: Shutting down and abandoning module WindowsPlatformEditor (548)
[2019.12.02-14.25.52:984][779]LogModuleManager: Shutting down and abandoning module LuminRuntimeSettings (546)
[2019.12.02-14.25.52:984][779]LogModuleManager: Shutting down and abandoning module IOSRuntimeSettings (544)
[2019.12.02-14.25.52:984][779]LogModuleManager: Shutting down and abandoning module AndroidRuntimeSettings (542)
[2019.12.02-14.25.52:984][779]LogModuleManager: Shutting down and abandoning module TimeManagementEditor (540)
[2019.12.02-14.25.52:984][779]LogModuleManager: Shutting down and abandoning module InputBindingEditor (538)
[2019.12.02-14.25.52:984][779]LogModuleManager: Shutting down and abandoning module MergeActors (536)
[2019.12.02-14.25.52:984][779]LogModuleManager: Shutting down and abandoning module LocalizationDashboard (534)
[2019.12.02-14.25.52:984][779]LogModuleManager: Shutting down and abandoning module LocalizationService (533)
[2019.12.02-14.25.52:985][779]LogModuleManager: Shutting down and abandoning module HardwareTargeting (530)
[2019.12.02-14.25.52:985][779]LogModuleManager: Shutting down and abandoning module DeviceProfileEditor (528)
[2019.12.02-14.25.52:985][779]LogModuleManager: Shutting down and abandoning module UndoHistory (526)
[2019.12.02-14.25.52:985][779]LogModuleManager: Shutting down and abandoning module XmlParser (524)
[2019.12.02-14.25.52:985][779]LogModuleManager: Shutting down and abandoning module Blutility (522)
[2019.12.02-14.25.52:985][779]LogModuleManager: Shutting down and abandoning module ProjectSettingsViewer (520)
[2019.12.02-14.25.52:985][779]LogModuleManager: Shutting down and abandoning module ProjectTargetPlatformEditor (519)
[2019.12.02-14.25.52:985][779]LogModuleManager: Shutting down and abandoning module EditorSettingsViewer (516)
[2019.12.02-14.25.52:985][779]LogModuleManager: Shutting down and abandoning module SettingsEditor (514)
[2019.12.02-14.25.52:985][779]LogModuleManager: Shutting down and abandoning module ProjectLauncher (512)
[2019.12.02-14.25.52:985][779]LogModuleManager: Shutting down and abandoning module SessionFrontend (510)
[2019.12.02-14.25.52:985][779]LogModuleManager: Shutting down and abandoning module ProfilerClient (508)
[2019.12.02-14.25.52:985][779]LogModuleManager: Shutting down and abandoning module DeviceManager (506)
[2019.12.02-14.25.52:985][779]LogModuleManager: Shutting down and abandoning module TargetDeviceServices (505)
[2019.12.02-14.25.53:028][779]LogModuleManager: Shutting down and abandoning module AutomationController (502)
[2019.12.02-14.25.53:028][779]LogModuleManager: Shutting down and abandoning module AutomationWindow (500)
[2019.12.02-14.25.53:028][779]LogModuleManager: Shutting down and abandoning module Layers (498)
[2019.12.02-14.25.53:028][779]LogModuleManager: Shutting down and abandoning module ComponentVisualizers (496)
[2019.12.02-14.25.53:028][779]LogModuleManager: Shutting down and abandoning module DetailCustomizations (494)
[2019.12.02-14.25.53:028][779]LogModuleManager: Shutting down and abandoning module PackagesDialog (492)
[2019.12.02-14.25.53:028][779]LogModuleManager: Shutting down and abandoning module AnimationBlueprintEditor (490)
[2019.12.02-14.25.53:028][779]LogModuleManager: Shutting down and abandoning module Persona (488)
[2019.12.02-14.25.53:028][779]LogModuleManager: Shutting down and abandoning module AdvancedPreviewScene (487)
[2019.12.02-14.25.53:028][779]LogModuleManager: Shutting down and abandoning module AnimGraph (485)
[2019.12.02-14.25.53:028][779]LogModuleManager: Shutting down and abandoning module Kismet (482)
[2019.12.02-14.25.53:033][779]LogModuleManager: Shutting down and abandoning module KismetWidgets (481)
[2019.12.02-14.25.53:033][779]LogModuleManager: Shutting down and abandoning module GraphEditor (478)
[2019.12.02-14.25.53:033][779]LogModuleManager: Shutting down and abandoning module StructViewer (476)
[2019.12.02-14.25.53:033][779]LogModuleManager: Shutting down and abandoning module ClassViewer (474)
[2019.12.02-14.25.53:034][779]LogModuleManager: Shutting down and abandoning module Toolbox (472)
[2019.12.02-14.25.53:034][779]LogModuleManager: Shutting down and abandoning module ModuleUI (470)
[2019.12.02-14.25.53:034][779]LogModuleManager: Shutting down and abandoning module MovieSceneTools (468)
[2019.12.02-14.25.53:034][779]LogModuleManager: Shutting down and abandoning module OutputLog (466)
[2019.12.02-14.25.53:035][779]LogModuleManager: Shutting down and abandoning module GammaUI (464)
[2019.12.02-14.25.53:035][779]LogModuleManager: Shutting down and abandoning module Documentation (462)
[2019.12.02-14.25.53:035][779]LogModuleManager: Shutting down and abandoning module LiveCoding (460)
[2019.12.02-14.25.53:035][779]LogModuleManager: Shutting down and abandoning module LevelSequence (458)
[2019.12.02-14.25.53:035][779]LogModuleManager: Shutting down and abandoning module MovieSceneTracks (456)
[2019.12.02-14.25.53:035][779]LogModuleManager: Shutting down and abandoning module MovieScene (454)
[2019.12.02-14.25.53:035][779]LogModuleManager: Shutting down and abandoning module StreamingPauseRendering (452)
[2019.12.02-14.25.53:035][779]LogModuleManager: Shutting down and abandoning module LauncherPlatform (450)
[2019.12.02-14.25.53:035][779]LogModuleManager: Shutting down and abandoning module AnalyticsET (448)
[2019.12.02-14.25.53:035][779]LogModuleManager: Shutting down and abandoning module PortalServices (446)
[2019.12.02-14.25.53:035][779]LogModuleManager: Shutting down and abandoning module PortalRpc (444)
[2019.12.02-14.25.53:035][779]LogModuleManager: Shutting down and abandoning module MessagingRpc (442)
[2019.12.02-14.25.53:035][779]LogModuleManager: Shutting down and abandoning module AIModule (440)
[2019.12.02-14.25.53:035][779]LogModuleManager: Shutting down and abandoning module GameplayDebugger (439)
[2019.12.02-14.25.53:035][779]LogModuleManager: Shutting down and abandoning module AITestSuite (437)
[2019.12.02-14.25.53:035][779]LogModuleManager: Shutting down and abandoning module NavigationSystem (435)
[2019.12.02-14.25.53:035][779]LogModuleManager: Shutting down and abandoning module DesktopPlatform (432)
[2019.12.02-14.25.53:035][779]LogModuleManager: Shutting down and abandoning module ImageWriteQueue (430)
[2019.12.02-14.25.53:038][779]LogModuleManager: Shutting down and abandoning module ProfilerService (428)
[2019.12.02-14.25.53:117][779]LogModuleManager: Shutting down and abandoning module TaskGraph (426)
[2019.12.02-14.25.53:117][779]LogModuleManager: Shutting down and abandoning module ScreenshotTools (424)
[2019.12.02-14.25.53:117][779]LogModuleManager: Shutting down and abandoning module SteamVRController (422)
[2019.12.02-14.25.53:117][779]LogModuleManager: Shutting down and abandoning module ProceduralMeshComponentEditor (420)
[2019.12.02-14.25.53:117][779]LogModuleManager: Shutting down and abandoning module ProceduralMeshComponent (418)
[2019.12.02-14.25.53:117][779]LogModuleManager: Shutting down and abandoning module OculusEditor (416)
[2019.12.02-14.25.53:117][779]LogModuleManager: Shutting down and abandoning module OculusInput (414)
[2019.12.02-14.25.53:117][779]LogModuleManager: Shutting down and abandoning module MobilePatchingUtils (412)
[2019.12.02-14.25.53:117][779]LogModuleManager: Shutting down and abandoning module EditableMesh (410)
[2019.12.02-14.25.53:117][779]LogModuleManager: Shutting down and abandoning module CustomMeshComponent (408)
[2019.12.02-14.25.53:117][779]LogModuleManager: Shutting down and abandoning module CableComponent (406)
[2019.12.02-14.25.53:117][779]LogModuleManager: Shutting down and abandoning module AudioCapture (404)
[2019.12.02-14.25.53:117][779]LogModuleManager: Shutting down and abandoning module ArchVisCharacter (402)
[2019.12.02-14.25.53:117][779]LogModuleManager: Shutting down and abandoning module AppleImageUtilsBlueprintSupport (400)
[2019.12.02-14.25.53:117][779]LogModuleManager: Shutting down and abandoning module AppleImageUtils (398)
[2019.12.02-14.25.53:118][779]LogModuleManager: Shutting down and abandoning module AndroidPermission (396)
[2019.12.02-14.25.53:118][779]LogModuleManager: Shutting down and abandoning module NUTUnrealEngine4 (394)
[2019.12.02-14.25.53:118][779]LogModuleManager: Shutting down and abandoning module NetcodeUnitTest (392)
[2019.12.02-14.25.53:118][779]LogModuleManager: Shutting down and abandoning module MediaCompositing (390)
[2019.12.02-14.25.53:118][779]LogModuleManager: Shutting down and abandoning module ImgMedia (388)
[2019.12.02-14.25.53:118][779]LogModuleManager: Shutting down and abandoning module MagicLeapHelperVulkan (386)
[2019.12.02-14.25.53:118][779]LogModuleManager: Shutting down and abandoning module MagicLeapHelperOpenGL (384)
[2019.12.02-14.25.53:118][779]LogModuleManager: Shutting down and abandoning module MagicLeapAudio (382)
[2019.12.02-14.25.53:118][779]LogModuleManager: Shutting down and abandoning module RawInput (380)
[2019.12.02-14.25.53:118][779]LogModuleManager: Shutting down and abandoning module HTML5Networking (378)
[2019.12.02-14.25.53:118][779]LogModuleManager: Shutting down and abandoning module GeometryCacheTracks (376)
[2019.12.02-14.25.53:118][779]LogModuleManager: Shutting down and abandoning module GeometryCacheSequencer (374)
[2019.12.02-14.25.53:118][779]LogModuleManager: Shutting down and abandoning module BackChannel (372)
[2019.12.02-14.25.53:118][779]LogModuleManager: Shutting down and abandoning module AutomationUtilsEditor (370)
[2019.12.02-14.25.53:118][779]LogModuleManager: Shutting down and abandoning module AutomationUtils (368)
[2019.12.02-14.25.53:118][779]LogModuleManager: Shutting down and abandoning module AlembicImporter (366)
[2019.12.02-14.25.53:118][779]LogModuleManager: Shutting down and abandoning module AlembicLibrary (365)
[2019.12.02-14.25.53:118][779]LogModuleManager: Shutting down and abandoning module GeometryCache (364)
[2019.12.02-14.25.53:118][779]LogModuleManager: Shutting down and abandoning module GeometryCacheEd (363)
[2019.12.02-14.25.53:118][779]LogModuleManager: Shutting down and abandoning module VariantManagerContent (358)
[2019.12.02-14.25.53:118][779]LogModuleManager: Shutting down and abandoning module DatasmithContentEditor (356)
[2019.12.02-14.25.53:118][779]LogModuleManager: Shutting down and abandoning module SpeedTreeImporter (354)
[2019.12.02-14.25.53:118][779]LogModuleManager: Shutting down and abandoning module PluginBrowser (352)
[2019.12.02-14.25.53:118][779]LogModuleManager: Shutting down and abandoning module MobileLauncherProfileWizard (350)
[2019.12.02-14.25.53:118][779]LogModuleManager: Shutting down and abandoning module MaterialAnalyzer (348)
[2019.12.02-14.25.53:118][779]LogModuleManager: Shutting down and abandoning module CurveEditorTools (346)
[2019.12.02-14.25.53:118][779]LogModuleManager: Shutting down and abandoning module CurveEditor (345)
[2019.12.02-14.25.53:118][779]LogModuleManager: Shutting down and abandoning module CryptoKeysOpenSSL (342)
[2019.12.02-14.25.53:118][779]LogModuleManager: Shutting down and abandoning module CryptoKeys (340)
[2019.12.02-14.25.53:118][779]LogModuleManager: Shutting down and abandoning module VisualStudioSourceCodeAccess (338)
[2019.12.02-14.25.53:118][779]LogModuleManager: Shutting down and abandoning module VisualStudioCodeSourceCodeAccess (336)
[2019.12.02-14.25.53:118][779]LogModuleManager: Shutting down and abandoning module UObjectPlugin (334)
[2019.12.02-14.25.53:118][779]LogModuleManager: Shutting down and abandoning module SubversionSourceControl (332)
[2019.12.02-14.25.53:118][779]LogModuleManager: Shutting down and abandoning module PerforceSourceControl (330)
[2019.12.02-14.25.53:118][779]LogModuleManager: Shutting down and abandoning module GitSourceControl (328)
[2019.12.02-14.25.53:118][779]LogModuleManager: Shutting down and abandoning module SourceControl (327)
[2019.12.02-14.25.53:118][779]LogModuleManager: Shutting down and abandoning module CLionSourceCodeAccess (324)
[2019.12.02-14.25.53:118][779]LogModuleManager: Shutting down and abandoning module AnimationSharingEd (322)
[2019.12.02-14.25.53:118][779]LogModuleManager: Shutting down and abandoning module ActorLayerUtilitiesEditor (320)
[2019.12.02-14.25.53:118][779]LogModuleManager: Shutting down and abandoning module ActorLayerUtilities (318)
[2019.12.02-14.25.53:118][779]LogModuleManager: Shutting down and abandoning module LightPropagationVolumeEditor (316)
[2019.12.02-14.25.53:118][779]LogModuleManager: Shutting down and abandoning module PaperTiledImporter (314)
[2019.12.02-14.25.53:118][779]LogModuleManager: Shutting down and abandoning module PaperSpriteSheetImporter (312)
[2019.12.02-14.25.53:118][779]LogModuleManager: Shutting down and abandoning module Paper2DEditor (310)
[2019.12.02-14.25.53:118][779]LogModuleManager: Shutting down and abandoning module SignificanceManager (308)
[2019.12.02-14.25.53:118][779]LogModuleManager: Shutting down and abandoning module RuntimePhysXCooking (306)
[2019.12.02-14.25.53:118][779]LogModuleManager: Shutting down and abandoning module PhysXVehiclesEditor (304)
[2019.12.02-14.25.53:118][779]LogModuleManager: Shutting down and abandoning module LocationServicesBPLibrary (300)
[2019.12.02-14.25.53:118][779]LogModuleManager: Shutting down and abandoning module ActorSequence (298)
[2019.12.02-14.25.53:118][779]LogModuleManager: Shutting down and abandoning module UdpMessaging (296)
[2019.12.02-14.25.53:219][779]LogModuleManager: Shutting down and abandoning module TcpMessaging (294)
[2019.12.02-14.25.53:320][779]LogModuleManager: Shutting down and abandoning module MagicLeapIdentity (292)
[2019.12.02-14.25.53:320][779]LogModuleManager: Shutting down and abandoning module MagicLeapSecureStorage (290)
[2019.12.02-14.25.53:320][779]LogModuleManager: Shutting down and abandoning module MagicLeapHandTracking (288)
[2019.12.02-14.25.53:320][779]LogModuleManager: Shutting down and abandoning module MagicLeapEyeTracker (286)
[2019.12.02-14.25.53:320][779]LogModuleManager: Shutting down and abandoning module MagicLeapController (284)
[2019.12.02-14.25.53:320][779]LogSlate: Slate User Destroyed.  User Index 0, Is Virtual User: 0
[2019.12.02-14.25.53:320][779]LogModuleManager: Shutting down and abandoning module MagicLeapAR (282)
[2019.12.02-14.25.53:320][779]LogModuleManager: Shutting down and abandoning module AugmentedReality (281)
[2019.12.02-14.25.53:320][779]LogModuleManager: Shutting down and abandoning module GameplayTagsEditor (278)
[2019.12.02-14.25.53:320][779]LogModuleManager: Shutting down and abandoning module FacialAnimationEditor (276)
[2019.12.02-14.25.53:320][779]LogModuleManager: Shutting down and abandoning module FacialAnimation (274)
[2019.12.02-14.25.53:320][779]LogModuleManager: Shutting down and abandoning module DataValidation (272)
[2019.12.02-14.25.53:320][779]LogModuleManager: Shutting down and abandoning module AssetManagerEditor (270)
[2019.12.02-14.25.53:320][779]LogModuleManager: Shutting down and abandoning module LevelEditor (269)
[2019.12.02-14.25.53:321][779]LogModuleManager: Shutting down and abandoning module PixelInspectorModule (268)
[2019.12.02-14.25.53:321][779]LogModuleManager: Shutting down and abandoning module CommonMenuExtensions (266)
[2019.12.02-14.25.53:321][779]LogModuleManager: Shutting down and abandoning module MainFrame (264)
[2019.12.02-14.25.53:321][779]LogModuleManager: Shutting down and abandoning module HotReload (263)
[2019.12.02-14.25.53:322][779]LogModuleManager: Shutting down and abandoning module ContentBrowser (259)
[2019.12.02-14.25.53:323][779]LogModuleManager: Shutting down and abandoning module TreeMap (257)
[2019.12.02-14.25.53:323][779]LogModuleManager: Shutting down and abandoning module AnimationSharing (254)
[2019.12.02-14.25.53:323][779]LogModuleManager: Shutting down and abandoning module LightPropagationVolumeRuntime (252)
[2019.12.02-14.25.53:323][779]LogModuleManager: Shutting down and abandoning module Paper2D (250)
[2019.12.02-14.25.53:323][779]LogModuleManager: Shutting down and abandoning module WindowsMoviePlayer (248)
[2019.12.02-14.25.53:326][779]LogModuleManager: Shutting down and abandoning module WebMMoviePlayer (246)
[2019.12.02-14.25.53:326][779]LogModuleManager: Shutting down and abandoning module NetworkReplayStreaming (244)
[2019.12.02-14.25.53:326][779]LogModuleManager: Shutting down and abandoning module PacketHandler (242)
[2019.12.02-14.25.53:326][779]LogModuleManager: Shutting down and abandoning module ClothingSystemEditor (240)
[2019.12.02-14.25.53:326][779]LogModuleManager: Shutting down and abandoning module ClothingSystemRuntime (238)
[2019.12.02-14.25.53:326][779]LogModuleManager: Shutting down and abandoning module MediaAssets (236)
[2019.12.02-14.25.53:326][779]LogModuleManager: Shutting down and abandoning module Overlay (234)
[2019.12.02-14.25.53:326][779]LogModuleManager: Shutting down and abandoning module OverlayEditor (233)
[2019.12.02-14.25.53:326][779]LogModuleManager: Shutting down and abandoning module VREditor (230)
[2019.12.02-14.25.53:326][779]LogModuleManager: Shutting down and abandoning module StringTableEditor (228)
[2019.12.02-14.25.53:326][779]LogModuleManager: Shutting down and abandoning module GameplayTasksEditor (226)
[2019.12.02-14.25.53:326][779]LogModuleManager: Shutting down and abandoning module BehaviorTreeEditor (224)
[2019.12.02-14.25.53:326][779]LogModuleManager: Shutting down and abandoning module FunctionalTesting (222)
[2019.12.02-14.25.53:326][779]LogModuleManager: Shutting down and abandoning module CollisionAnalyzer (220)
[2019.12.02-14.25.53:326][779]LogModuleManager: Shutting down and abandoning module WorkspaceMenuStructure (219)
[2019.12.02-14.25.53:326][779]LogModuleManager: Shutting down and abandoning module UMG (216)
[2019.12.02-14.25.53:326][779]LogModuleManager: Shutting down and abandoning module UMGEditor (215)
[2019.12.02-14.25.53:326][779]LogModuleManager: Shutting down and abandoning module Sequencer (214)
[2019.12.02-14.25.53:326][779]LogModuleManager: Shutting down and abandoning module MessageLog (211)
[2019.12.02-14.25.53:326][779]LogModuleManager: Shutting down and abandoning module SlateReflector (206)
[2019.12.02-14.25.53:326][779]LogModuleManager: Shutting down and abandoning module Slate (204)
[2019.12.02-14.25.53:326][779]LogModuleManager: Shutting down and abandoning module LandscapeEditorUtilities (202)
[2019.12.02-14.25.53:326][779]LogModuleManager: Shutting down and abandoning module EditorStyle (200)
[2019.12.02-14.25.53:327][779]LogModuleManager: Shutting down and abandoning module UnrealEd (198)
[2019.12.02-14.25.53:327][779]LogModuleManager: Shutting down and abandoning module MRMesh (196)
[2019.12.02-14.25.53:327][779]LogModuleManager: Shutting down and abandoning module SourceCodeAccess (194)
[2019.12.02-14.25.53:327][779]LogModuleManager: Shutting down and abandoning module HeadMountedDisplay (192)
[2019.12.02-14.25.53:327][779]LogModuleManager: Shutting down and abandoning module XAudio2 (190)
[2019.12.02-14.25.53:327][779]LogModuleManager: Shutting down and abandoning module Networking (188)
[2019.12.02-14.25.53:327][779]LogModuleManager: Shutting down and abandoning module Core (186)
[2019.12.02-14.25.53:327][779]LogModuleManager: Shutting down and abandoning module KismetCompiler (184)
[2019.12.02-14.25.53:327][779]LogModuleManager: Shutting down and abandoning module MeshUtilities (182)
[2019.12.02-14.25.53:327][779]LogModuleManager: Shutting down and abandoning module MeshMergeUtilities (181)
[2019.12.02-14.25.53:327][779]LogModuleManager: Shutting down and abandoning module MeshReductionInterface (180)
[2019.12.02-14.25.53:327][779]LogModuleManager: Shutting down and abandoning module SkeletalMeshReduction (179)
[2019.12.02-14.25.53:327][779]LogModuleManager: Shutting down and abandoning module ProxyLODMeshReduction (177)
[2019.12.02-14.25.53:327][779]LogModuleManager: Shutting down and abandoning module QuadricMeshReduction (175)
[2019.12.02-14.25.53:327][779]LogModuleManager: Shutting down and abandoning module MaterialBaking (171)
[2019.12.02-14.25.53:327][779]LogModuleManager: Shutting down and abandoning module NullInstallBundleManager (166)
[2019.12.02-14.25.53:327][779]LogModuleManager: Shutting down and abandoning module DerivedDataCache (164)
[2019.12.02-14.25.53:354][779]LogDerivedDataCache: Shutdown
[2019.12.02-14.25.53:354][779]LogModuleManager: Shutting down and abandoning module XGEController (162)
[2019.12.02-14.25.53:354][779]LogModuleManager: Shutting down and abandoning module TargetPlatform (160)
[2019.12.02-14.25.53:354][779]LogModuleManager: Shutting down and abandoning module VulkanShaderFormat (159)
[2019.12.02-14.25.53:354][779]LogModuleManager: Shutting down and abandoning module ShaderFormatVectorVM (157)
[2019.12.02-14.25.53:355][779]LogModuleManager: Shutting down and abandoning module ShaderFormatOpenGL (155)
[2019.12.02-14.25.53:355][779]LogModuleManager: Shutting down and abandoning module ShaderFormatD3D (153)
[2019.12.02-14.25.53:355][779]LogModuleManager: Shutting down and abandoning module MetalShaderFormat (151)
[2019.12.02-14.25.53:355][779]LogModuleManager: Shutting down and abandoning module TextureFormatUncompressed (149)
[2019.12.02-14.25.53:355][779]LogModuleManager: Shutting down and abandoning module TextureFormatPVR (147)
[2019.12.02-14.25.53:355][779]LogModuleManager: Shutting down and abandoning module TextureFormatDXT (145)
[2019.12.02-14.25.53:355][779]LogModuleManager: Shutting down and abandoning module TextureFormatIntelISPCTexComp (143)
[2019.12.02-14.25.53:355][779]LogModuleManager: Shutting down and abandoning module TextureFormatASTC (141)
[2019.12.02-14.25.53:355][779]LogModuleManager: Shutting down and abandoning module ImageWrapper (140)
[2019.12.02-14.25.53:355][779]LogModuleManager: Shutting down and abandoning module TextureFormatAndroid (137)
[2019.12.02-14.25.53:355][779]LogModuleManager: Shutting down and abandoning module AudioFormatOpus (135)
[2019.12.02-14.25.53:355][779]LogModuleManager: Shutting down and abandoning module AudioFormatOgg (133)
[2019.12.02-14.25.53:355][779]LogModuleManager: Shutting down and abandoning module AudioFormatADPCM (131)
[2019.12.02-14.25.53:355][779]LogModuleManager: Shutting down and abandoning module LuminTargetPlatform (129)
[2019.12.02-14.25.53:355][779]LogModuleManager: Shutting down and abandoning module LinuxTargetPlatform (127)
[2019.12.02-14.25.53:355][779]LogModuleManager: Shutting down and abandoning module LinuxServerTargetPlatform (125)
[2019.12.02-14.25.53:356][779]LogModuleManager: Shutting down and abandoning module LinuxNoEditorTargetPlatform (123)
[2019.12.02-14.25.53:356][779]LogModuleManager: Shutting down and abandoning module LinuxClientTargetPlatform (121)
[2019.12.02-14.25.53:356][779]LogModuleManager: Shutting down and abandoning module TVOSTargetPlatform (119)
[2019.12.02-14.25.53:356][779]LogModuleManager: Shutting down and abandoning module Messaging (117)
[2019.12.02-14.25.53:356][779]LogModuleManager: Shutting down and abandoning module IOSTargetPlatform (115)
[2019.12.02-14.25.53:357][779]LogModuleManager: Shutting down and abandoning module HTML5TargetPlatform (113)
[2019.12.02-14.25.53:357][779]LogModuleManager: Shutting down and abandoning module AndroidTargetPlatform (111)
[2019.12.02-14.25.53:362][779]LogModuleManager: Shutting down and abandoning module WindowsTargetPlatform (109)
[2019.12.02-14.25.53:362][779]LogModuleManager: Shutting down and abandoning module WindowsServerTargetPlatform (107)
[2019.12.02-14.25.53:362][779]LogModuleManager: Shutting down and abandoning module WindowsNoEditorTargetPlatform (105)
[2019.12.02-14.25.53:362][779]LogModuleManager: Shutting down and abandoning module WindowsClientTargetPlatform (103)
[2019.12.02-14.25.53:362][779]LogModuleManager: Shutting down and abandoning module MacTargetPlatform (101)
[2019.12.02-14.25.53:362][779]LogModuleManager: Shutting down and abandoning module MacServerTargetPlatform (99)
[2019.12.02-14.25.53:362][779]LogModuleManager: Shutting down and abandoning module MacNoEditorTargetPlatform (97)
[2019.12.02-14.25.53:362][779]LogModuleManager: Shutting down and abandoning module MacClientTargetPlatform (95)
[2019.12.02-14.25.53:362][779]LogModuleManager: Shutting down and abandoning module AllDesktopTargetPlatform (93)
[2019.12.02-14.25.53:362][779]LogModuleManager: Shutting down and abandoning module InputCore (90)
[2019.12.02-14.25.53:362][779]LogModuleManager: Shutting down and abandoning module Settings (88)
[2019.12.02-14.25.53:362][779]LogModuleManager: Shutting down and abandoning module DirectoryWatcher (86)
[2019.12.02-14.25.53:362][779]LogModuleManager: Shutting down and abandoning module PhysXCooking (84)
[2019.12.02-14.25.53:362][779]LogModuleManager: Shutting down and abandoning module WindowsPlatformFeatures (82)
[2019.12.02-14.25.53:362][779]LogModuleManager: Shutting down and abandoning module GameplayMediaEncoder (81)
[2019.12.02-14.25.53:362][779]LogModuleManager: Shutting down and abandoning module SteamVR (78)
[2019.12.02-14.25.53:362][779]LogHMD: Freeing OpenVRDLLHandle.
[2019.12.02-14.25.53:362][779]LogModuleManager: Shutting down and abandoning module OculusHMD (76)
[2019.12.02-14.25.53:362][779]LogModuleManager: Shutting down and abandoning module ExampleDeviceProfileSelector (74)
[2019.12.02-14.25.53:362][779]LogModuleManager: Shutting down and abandoning module LauncherChunkInstaller (72)
[2019.12.02-14.25.53:362][779]LogModuleManager: Shutting down and abandoning module OnlineBlueprintSupport (70)
[2019.12.02-14.25.53:362][779]LogModuleManager: Shutting down and abandoning module OnlineSubsystem (66)
[2019.12.02-14.25.53:363][779]LogModuleManager: Shutting down and abandoning module XMPP (61)
[2019.12.02-14.25.53:363][779]LogModuleManager: Shutting down and abandoning module WebSockets (60)
[2019.12.02-14.25.53:389][779]LogModuleManager: Shutting down and abandoning module HTTP (57)
[2019.12.02-14.25.53:389][779]LogHttp: Display: Http module shutting down, but needs to wait on 1 outstanding Http requests:
[2019.12.02-14.25.53:389][779]LogHttp: Display: 	verb=[POST] url=[https://datarouter.ol.epicgames.com/datarouter/api/v1/public/data?SessionID=%7BBAFF2D4D-4133-41AA-56EA-5D82A9D0F879%7D&AppID=UEEditor.Rocket.Release&AppVersion=4.23.1-9631420%2B%2B%2BUE4%2BRelease-4.23&UserID=dff161734ba4993b9751fbb97b6334f8%7C94961d8a256d44269fffadab4ab99596%7Cc84523da-dbdb-45c7-8865-9aa98952fc50&AppEnvironment=datacollector-binary&UploadType=eteventstream] status=Processing
[2019.12.02-14.25.53:407][779]LogModuleManager: Shutting down and abandoning module SSL (56)
[2019.12.02-14.25.53:409][779]LogModuleManager: Shutting down and abandoning module WmfMedia (52)
[2019.12.02-14.25.53:410][779]LogModuleManager: Shutting down and abandoning module Media (51)
[2019.12.02-14.25.53:411][779]LogModuleManager: Shutting down and abandoning module MagicLeap (48)
[2019.12.02-14.25.53:411][779]LogModuleManager: Shutting down and abandoning module DatasmithContent (46)
[2019.12.02-14.25.53:411][779]LogModuleManager: Shutting down and abandoning module AISupportModule (44)
[2019.12.02-14.25.53:411][779]LogModuleManager: Shutting down and abandoning module PlatformCryptoOpenSSL (42)
[2019.12.02-14.25.53:411][779]LogModuleManager: Shutting down and abandoning module PlatformCrypto (40)
[2019.12.02-14.25.53:412][779]LogModuleManager: Shutting down and abandoning module AnimationModifiers (38)
[2019.12.02-14.25.53:412][779]LogModuleManager: Shutting down and abandoning module PropertyEditor (37)
[2019.12.02-14.25.53:412][779]LogModuleManager: Shutting down and abandoning module AudioEditor (34)
[2019.12.02-14.25.53:412][779]LogModuleManager: Shutting down and abandoning module TextureCompressor (32)
[2019.12.02-14.25.53:412][779]LogModuleManager: Shutting down and abandoning module RenderCore (30)
[2019.12.02-14.25.53:412][779]LogModuleManager: Shutting down and abandoning module Landscape (28)
[2019.12.02-14.25.53:412][779]LogModuleManager: Shutting down and abandoning module SlateRHIRenderer (26)
[2019.12.02-14.25.53:414][779]LogModuleManager: Shutting down and abandoning module OpenGLDrv (24)
[2019.12.02-14.25.53:414][779]LogModuleManager: Shutting down and abandoning module D3D11RHI (22)
[2019.12.02-14.25.53:414][779]LogModuleManager: Shutting down and abandoning module AnimGraphRuntime (20)
[2019.12.02-14.25.53:414][779]LogModuleManager: Shutting down and abandoning module Renderer (18)
[2019.12.02-14.25.53:414][779]LogModuleManager: Shutting down and abandoning module Engine (16)
[2019.12.02-14.25.53:414][779]LogModuleManager: Shutting down and abandoning module CoreUObject (14)
[2019.12.02-14.25.53:414][779]LogModuleManager: Shutting down and abandoning module NetworkFile (12)
[2019.12.02-14.25.53:414][779]LogModuleManager: Shutting down and abandoning module CookedIterativeFile (10)
[2019.12.02-14.25.53:414][779]LogModuleManager: Shutting down and abandoning module StreamingFile (8)
[2019.12.02-14.25.53:414][779]LogModuleManager: Shutting down and abandoning module SandboxFile (6)
[2019.12.02-14.25.53:414][779]LogModuleManager: Shutting down and abandoning module PakFile (4)
[2019.12.02-14.25.53:415][779]LogModuleManager: Shutting down and abandoning module RSA (3)
[2019.12.02-14.25.53:415][779]LogD3D11RHI: Shutdown
[2019.12.02-14.25.53:415][779]LogD3D11RHI: CleanupD3DDevice
[2019.12.02-14.25.53:415][779]LogRendererCore: FGlobalDynamicReadBuffer::Cleanup()
[2019.12.02-14.25.53:415][779]LogRendererCore: FGlobalDynamicReadBuffer::Cleanup()
[2019.12.02-14.25.53:415][779]LogRendererCore: FGlobalDynamicReadBuffer::Cleanup()
[2019.12.02-14.25.53:533][779]LogD3D11RHI: ~FD3D11DynamicRHI
[2019.12.02-14.25.53:542][779]LogExit: Exiting.
[2019.12.02-14.25.53:547][779]Log file closed, 12/02/19 15:25:53
